[3.627s] DEBUG:colcon:Command line arguments: ['/usr/bin/colcon', 'build', '--packages-select', 'jetson_controller', '--symlink-install']
[3.628s] DEBUG:colcon:Parsed command line arguments: Namespace(log_base=None, log_level=None, verb_name='build', build_base='build', install_base='install', merge_install=False, symlink_install=True, test_result_base=None, continue_on_error=False, executor='parallel', parallel_workers=4, event_handlers=None, ignore_user_meta=False, metas=['./colcon.meta'], base_paths=['.'], packages_ignore=None, packages_ignore_regex=None, paths=None, packages_up_to=None, packages_up_to_regex=None, packages_above=None, packages_above_and_dependencies=None, packages_above_depth=None, packages_select_by_dep=None, packages_skip_by_dep=None, packages_skip_up_to=None, packages_select_build_failed=False, packages_skip_build_finished=False, packages_select_test_failures=False, packages_skip_test_passed=False, packages_select=['jetson_controller'], packages_skip=None, packages_select_regex=None, packages_skip_regex=None, packages_start=None, packages_end=None, allow_overriding=[], cmake_args=None, cmake_target=None, cmake_target_skip_unavailable=False, cmake_clean_cache=False, cmake_clean_first=False, cmake_force_configure=False, ament_cmake_args=None, catkin_cmake_args=None, catkin_skip_building_tests=False, verb_parser=<colcon_defaults.argument_parser.defaults.DefaultArgumentsDecorator object at 0xffffa2ac9db0>, verb_extension=<colcon_core.verb.build.BuildVerb object at 0xffffa2dbbf10>, main=<bound method BuildVerb.main of <colcon_core.verb.build.BuildVerb object at 0xffffa2dbbf10>>)
[3.865s] Level 1:colcon.colcon_core.package_discovery:discover_packages(colcon_meta) check parameters
[3.865s] Level 1:colcon.colcon_core.package_discovery:discover_packages(recursive) check parameters
[3.866s] Level 1:colcon.colcon_core.package_discovery:discover_packages(ignore) check parameters
[3.866s] Level 1:colcon.colcon_core.package_discovery:discover_packages(path) check parameters
[3.866s] Level 1:colcon.colcon_core.package_discovery:discover_packages(colcon_meta) discover
[3.866s] Level 1:colcon.colcon_core.package_discovery:discover_packages(recursive) discover
[3.866s] INFO:colcon.colcon_core.package_discovery:Crawling recursively for packages in '/home/ubuntu/jetracer_ws'
[3.867s] Level 1:colcon.colcon_core.package_identification:_identify(.) by extensions ['ignore', 'ignore_ament_install']
[3.867s] Level 1:colcon.colcon_core.package_identification:_identify(.) by extension 'ignore'
[3.867s] Level 1:colcon.colcon_core.package_identification:_identify(.) by extension 'ignore_ament_install'
[3.867s] Level 1:colcon.colcon_core.package_identification:_identify(.) by extensions ['colcon_pkg']
[3.868s] Level 1:colcon.colcon_core.package_identification:_identify(.) by extension 'colcon_pkg'
[3.868s] Level 1:colcon.colcon_core.package_identification:_identify(.) by extensions ['colcon_meta']
[3.868s] Level 1:colcon.colcon_core.package_identification:_identify(.) by extension 'colcon_meta'
[3.868s] Level 1:colcon.colcon_core.package_identification:_identify(.) by extensions ['ros']
[3.868s] Level 1:colcon.colcon_core.package_identification:_identify(.) by extension 'ros'
[3.932s] Level 1:colcon.colcon_core.package_identification:_identify(.) by extensions ['cmake', 'python']
[3.932s] Level 1:colcon.colcon_core.package_identification:_identify(.) by extension 'cmake'
[3.932s] Level 1:colcon.colcon_core.package_identification:_identify(.) by extension 'python'
[3.933s] Level 1:colcon.colcon_core.package_identification:_identify(.) by extensions ['python_setup_py']
[3.933s] Level 1:colcon.colcon_core.package_identification:_identify(.) by extension 'python_setup_py'
[3.933s] Level 1:colcon.colcon_core.package_identification:_identify(build) by extensions ['ignore', 'ignore_ament_install']
[3.934s] Level 1:colcon.colcon_core.package_identification:_identify(build) by extension 'ignore'
[3.934s] Level 1:colcon.colcon_core.package_identification:_identify(build) ignored
[3.935s] Level 1:colcon.colcon_core.package_identification:_identify(install) by extensions ['ignore', 'ignore_ament_install']
[3.935s] Level 1:colcon.colcon_core.package_identification:_identify(install) by extension 'ignore'
[3.935s] Level 1:colcon.colcon_core.package_identification:_identify(install) ignored
[3.936s] Level 1:colcon.colcon_core.package_identification:_identify(log) by extensions ['ignore', 'ignore_ament_install']
[3.937s] Level 1:colcon.colcon_core.package_identification:_identify(log) by extension 'ignore'
[3.937s] Level 1:colcon.colcon_core.package_identification:_identify(log) ignored
[3.937s] Level 1:colcon.colcon_core.package_identification:_identify(src) by extensions ['ignore', 'ignore_ament_install']
[3.937s] Level 1:colcon.colcon_core.package_identification:_identify(src) by extension 'ignore'
[3.938s] Level 1:colcon.colcon_core.package_identification:_identify(src) by extension 'ignore_ament_install'
[3.938s] Level 1:colcon.colcon_core.package_identification:_identify(src) by extensions ['colcon_pkg']
[3.938s] Level 1:colcon.colcon_core.package_identification:_identify(src) by extension 'colcon_pkg'
[3.938s] Level 1:colcon.colcon_core.package_identification:_identify(src) by extensions ['colcon_meta']
[3.938s] Level 1:colcon.colcon_core.package_identification:_identify(src) by extension 'colcon_meta'
[3.938s] Level 1:colcon.colcon_core.package_identification:_identify(src) by extensions ['ros']
[3.939s] Level 1:colcon.colcon_core.package_identification:_identify(src) by extension 'ros'
[3.939s] Level 1:colcon.colcon_core.package_identification:_identify(src) by extensions ['cmake', 'python']
[3.939s] Level 1:colcon.colcon_core.package_identification:_identify(src) by extension 'cmake'
[3.939s] Level 1:colcon.colcon_core.package_identification:_identify(src) by extension 'python'
[3.939s] Level 1:colcon.colcon_core.package_identification:_identify(src) by extensions ['python_setup_py']
[3.940s] Level 1:colcon.colcon_core.package_identification:_identify(src) by extension 'python_setup_py'
[3.940s] Level 1:colcon.colcon_core.package_identification:_identify(src/jetson_controller) by extensions ['ignore', 'ignore_ament_install']
[3.940s] Level 1:colcon.colcon_core.package_identification:_identify(src/jetson_controller) by extension 'ignore'
[3.941s] Level 1:colcon.colcon_core.package_identification:_identify(src/jetson_controller) by extension 'ignore_ament_install'
[3.941s] Level 1:colcon.colcon_core.package_identification:_identify(src/jetson_controller) by extensions ['colcon_pkg']
[3.941s] Level 1:colcon.colcon_core.package_identification:_identify(src/jetson_controller) by extension 'colcon_pkg'
[3.941s] Level 1:colcon.colcon_core.package_identification:_identify(src/jetson_controller) by extensions ['colcon_meta']
[3.941s] Level 1:colcon.colcon_core.package_identification:_identify(src/jetson_controller) by extension 'colcon_meta'
[3.942s] Level 1:colcon.colcon_core.package_identification:_identify(src/jetson_controller) by extensions ['ros']
[3.942s] Level 1:colcon.colcon_core.package_identification:_identify(src/jetson_controller) by extension 'ros'
[3.948s] DEBUG:colcon.colcon_core.package_identification:Failed to parse potential ROS package manifest in'src/jetson_controller': Error(s) in package 'src/jetson_controller/package.xml':
The manifest contains invalid XML:
mismatched tag: line 11, column 24
[3.948s] Level 1:colcon.colcon_core.package_identification:_identify(src/jetson_controller) by extensions ['cmake', 'python']
[3.949s] Level 1:colcon.colcon_core.package_identification:_identify(src/jetson_controller) by extension 'cmake'
[3.949s] Level 1:colcon.colcon_core.package_identification:_identify(src/jetson_controller) by extension 'python'
[3.949s] DEBUG:colcon.colcon_core.package_identification:Python package in 'src/jetson_controller' passes arguments to the setup() function which requires a different identification extension than 'python'
[3.949s] Level 1:colcon.colcon_core.package_identification:_identify(src/jetson_controller) by extensions ['python_setup_py']
[3.950s] Level 1:colcon.colcon_core.package_identification:_identify(src/jetson_controller) by extension 'python_setup_py'
[5.018s] DEBUG:colcon.colcon_core.package_identification:Package 'src/jetson_controller' with type 'python' and name 'jetson_controller'
[5.019s] Level 1:colcon.colcon_core.package_identification:_identify(src/sensor_data) by extensions ['ignore', 'ignore_ament_install']
[5.019s] Level 1:colcon.colcon_core.package_identification:_identify(src/sensor_data) by extension 'ignore'
[5.020s] Level 1:colcon.colcon_core.package_identification:_identify(src/sensor_data) by extension 'ignore_ament_install'
[5.020s] Level 1:colcon.colcon_core.package_identification:_identify(src/sensor_data) by extensions ['colcon_pkg']
[5.020s] Level 1:colcon.colcon_core.package_identification:_identify(src/sensor_data) by extension 'colcon_pkg'
[5.020s] Level 1:colcon.colcon_core.package_identification:_identify(src/sensor_data) by extensions ['colcon_meta']
[5.020s] Level 1:colcon.colcon_core.package_identification:_identify(src/sensor_data) by extension 'colcon_meta'
[5.020s] Level 1:colcon.colcon_core.package_identification:_identify(src/sensor_data) by extensions ['ros']
[5.021s] Level 1:colcon.colcon_core.package_identification:_identify(src/sensor_data) by extension 'ros'
[5.029s] DEBUG:colcon.colcon_core.package_identification:Package 'src/sensor_data' with type 'ros.ament_python' and name 'sensor_data'
[5.029s] Level 1:colcon.colcon_core.package_discovery:discover_packages(recursive) using defaults
[5.030s] Level 1:colcon.colcon_core.package_discovery:discover_packages(ignore) discover
[5.030s] Level 1:colcon.colcon_core.package_discovery:discover_packages(ignore) using defaults
[5.030s] Level 1:colcon.colcon_core.package_discovery:discover_packages(path) discover
[5.030s] Level 1:colcon.colcon_core.package_discovery:discover_packages(path) using defaults
[5.274s] INFO:colcon.colcon_core.package_selection:Skipping not selected package 'sensor_data' in 'src/sensor_data'
[5.370s] Level 1:colcon.colcon_core.package_discovery:discover_packages(prefix_path) check parameters
[5.370s] Level 1:colcon.colcon_core.package_discovery:discover_packages(prefix_path) discover
[5.479s] DEBUG:colcon.colcon_installed_package_information.package_discovery:Found 2 installed packages in /home/ubuntu/jetracer_ws/install
[5.530s] DEBUG:colcon.colcon_installed_package_information.package_discovery:Found 7 installed packages in /home/ubuntu/turtlebot3_ws/install
[5.584s] DEBUG:colcon.colcon_installed_package_information.package_discovery:Found 184 installed packages in /opt/ros/humble
[5.588s] Level 1:colcon.colcon_core.package_discovery:discover_packages(prefix_path) using defaults
[5.897s] Level 5:colcon.colcon_core.verb:set package 'jetson_controller' build argument 'cmake_args' from command line to 'None'
[5.897s] Level 5:colcon.colcon_core.verb:set package 'jetson_controller' build argument 'cmake_target' from command line to 'None'
[5.897s] Level 5:colcon.colcon_core.verb:set package 'jetson_controller' build argument 'cmake_target_skip_unavailable' from command line to 'False'
[5.897s] Level 5:colcon.colcon_core.verb:set package 'jetson_controller' build argument 'cmake_clean_cache' from command line to 'False'
[5.897s] Level 5:colcon.colcon_core.verb:set package 'jetson_controller' build argument 'cmake_clean_first' from command line to 'False'
[5.897s] Level 5:colcon.colcon_core.verb:set package 'jetson_controller' build argument 'cmake_force_configure' from command line to 'False'
[5.897s] Level 5:colcon.colcon_core.verb:set package 'jetson_controller' build argument 'ament_cmake_args' from command line to 'None'
[5.898s] Level 5:colcon.colcon_core.verb:set package 'jetson_controller' build argument 'catkin_cmake_args' from command line to 'None'
[5.898s] Level 5:colcon.colcon_core.verb:set package 'jetson_controller' build argument 'catkin_skip_building_tests' from command line to 'False'
[5.898s] DEBUG:colcon.colcon_core.verb:Building package 'jetson_controller' with the following arguments: {'ament_cmake_args': None, 'build_base': '/home/ubuntu/jetracer_ws/build/jetson_controller', 'catkin_cmake_args': None, 'catkin_skip_building_tests': False, 'cmake_args': None, 'cmake_clean_cache': False, 'cmake_clean_first': False, 'cmake_force_configure': False, 'cmake_target': None, 'cmake_target_skip_unavailable': False, 'install_base': '/home/ubuntu/jetracer_ws/install/jetson_controller', 'merge_install': False, 'path': '/home/ubuntu/jetracer_ws/src/jetson_controller', 'symlink_install': True, 'test_result_base': None}
[5.945s] INFO:colcon.colcon_core.executor:Executing jobs using 'parallel' executor
[5.996s] DEBUG:colcon.colcon_parallel_executor.executor.parallel:run_until_complete
[5.997s] INFO:colcon.colcon_core.task.python.build:Building Python package in '/home/ubuntu/jetracer_ws/src/jetson_controller'
[6.062s] INFO:colcon.colcon_core.plugin_system:Skipping extension 'colcon_core.shell.bat': Not used on non-Windows systems
[6.063s] INFO:colcon.colcon_core.shell:Skip shell extension 'powershell' for command environment: Not usable outside of PowerShell
[6.063s] DEBUG:colcon.colcon_core.shell:Skip shell extension 'dsv' for command environment
[9.154s] DEBUG:colcon.colcon_core.event_handler.log_command:Invoking command in '/home/ubuntu/jetracer_ws/build/jetson_controller': PYTHONPATH=/home/ubuntu/jetracer_ws/build/jetson_controller/prefix_override:/home/ubuntu/jetracer_ws/install/jetson_controller/lib/python3.10/site-packages:${PYTHONPATH} /usr/bin/python3 setup.py develop --editable --build-directory /home/ubuntu/jetracer_ws/build/jetson_controller/build --no-deps install_data
[11.018s] Level 1:colcon.colcon_core.shell:create_environment_hook('jetson_controller', 'pythonpath_develop')
[11.020s] DEBUG:colcon.colcon_core.event_handler.log_command:Invoked command in '/home/ubuntu/jetracer_ws/build/jetson_controller' returned '0': PYTHONPATH=/home/ubuntu/jetracer_ws/build/jetson_controller/prefix_override:/home/ubuntu/jetracer_ws/install/jetson_controller/lib/python3.10/site-packages:${PYTHONPATH} /usr/bin/python3 setup.py develop --editable --build-directory /home/ubuntu/jetracer_ws/build/jetson_controller/build --no-deps install_data
[11.073s] INFO:colcon.colcon_core.shell:Creating environment hook '/home/ubuntu/jetracer_ws/build/jetson_controller/share/jetson_controller/hook/pythonpath_develop.ps1'
[11.077s] INFO:colcon.colcon_core.shell:Creating environment descriptor '/home/ubuntu/jetracer_ws/build/jetson_controller/share/jetson_controller/hook/pythonpath_develop.dsv'
[11.082s] INFO:colcon.colcon_core.shell:Creating environment hook '/home/ubuntu/jetracer_ws/build/jetson_controller/share/jetson_controller/hook/pythonpath_develop.sh'
[11.155s] Level 1:colcon.colcon_core.environment:checking '/home/ubuntu/jetracer_ws/install/jetson_controller' for CMake module files
[11.157s] Level 1:colcon.colcon_core.environment:checking '/home/ubuntu/jetracer_ws/install/jetson_controller' for CMake config files
[11.160s] Level 1:colcon.colcon_core.environment:checking '/home/ubuntu/jetracer_ws/install/jetson_controller/lib'
[11.161s] Level 1:colcon.colcon_core.environment:checking '/home/ubuntu/jetracer_ws/install/jetson_controller/bin'
[11.162s] Level 1:colcon.colcon_core.environment:checking '/home/ubuntu/jetracer_ws/install/jetson_controller/lib/pkgconfig/jetson_controller.pc'
[11.162s] Level 1:colcon.colcon_core.environment:checking '/home/ubuntu/jetracer_ws/install/jetson_controller/lib/python3.10/site-packages'
[11.163s] Level 1:colcon.colcon_core.shell:create_environment_hook('jetson_controller', 'pythonpath')
[11.212s] INFO:colcon.colcon_core.shell:Creating environment hook '/home/ubuntu/jetracer_ws/install/jetson_controller/share/jetson_controller/hook/pythonpath.ps1'
[11.214s] INFO:colcon.colcon_core.shell:Creating environment descriptor '/home/ubuntu/jetracer_ws/install/jetson_controller/share/jetson_controller/hook/pythonpath.dsv'
[11.216s] INFO:colcon.colcon_core.shell:Creating environment hook '/home/ubuntu/jetracer_ws/install/jetson_controller/share/jetson_controller/hook/pythonpath.sh'
[11.219s] Level 1:colcon.colcon_core.environment:checking '/home/ubuntu/jetracer_ws/install/jetson_controller/bin'
[11.219s] Level 1:colcon.colcon_core.environment:create_environment_scripts_only(jetson_controller)
[11.271s] INFO:colcon.colcon_core.shell:Creating package script '/home/ubuntu/jetracer_ws/install/jetson_controller/share/jetson_controller/package.ps1'
[11.276s] INFO:colcon.colcon_core.shell:Creating package descriptor '/home/ubuntu/jetracer_ws/install/jetson_controller/share/jetson_controller/package.dsv'
[11.282s] INFO:colcon.colcon_core.shell:Creating package script '/home/ubuntu/jetracer_ws/install/jetson_controller/share/jetson_controller/package.sh'
[11.288s] INFO:colcon.colcon_core.shell:Creating package script '/home/ubuntu/jetracer_ws/install/jetson_controller/share/jetson_controller/package.bash'
[11.294s] INFO:colcon.colcon_core.shell:Creating package script '/home/ubuntu/jetracer_ws/install/jetson_controller/share/jetson_controller/package.zsh'
[11.299s] Level 1:colcon.colcon_core.environment:create_file_with_runtime_dependencies(/home/ubuntu/jetracer_ws/install/jetson_controller/share/colcon-core/packages/jetson_controller)
[11.301s] DEBUG:colcon.colcon_parallel_executor.executor.parallel:closing loop
[11.302s] DEBUG:colcon.colcon_parallel_executor.executor.parallel:loop closed
[11.302s] DEBUG:colcon.colcon_parallel_executor.executor.parallel:run_until_complete finished with '0'
[11.303s] DEBUG:colcon.colcon_core.event_reactor:joining thread
[11.379s] INFO:colcon.colcon_core.plugin_system:Skipping extension 'colcon_notification.desktop_notification.notify_send': Could not find 'notify-send'
[11.379s] INFO:colcon.colcon_core.plugin_system:Skipping extension 'colcon_notification.desktop_notification.terminal_notifier': Not used on non-Darwin systems
[11.380s] INFO:colcon.colcon_core.plugin_system:Skipping extension 'colcon_notification.desktop_notification.win32': Not used on non-Windows systems
[11.380s] INFO:colcon.colcon_notification.desktop_notification:Sending desktop notification using 'notify2'
[11.431s] DEBUG:colcon.colcon_notification.desktop_notification.notify2:Failed to initialize notify2: org.freedesktop.DBus.Error.ServiceUnknown: The name org.freedesktop.Notifications was not provided by any .service files
[11.432s] DEBUG:colcon.colcon_core.event_reactor:joined thread
[11.486s] INFO:colcon.colcon_core.shell:Creating prefix script '/home/ubuntu/jetracer_ws/install/local_setup.ps1'
[11.492s] INFO:colcon.colcon_core.shell:Creating prefix util module '/home/ubuntu/jetracer_ws/install/_local_setup_util_ps1.py'
[11.501s] INFO:colcon.colcon_core.shell:Creating prefix chain script '/home/ubuntu/jetracer_ws/install/setup.ps1'
[11.557s] INFO:colcon.colcon_core.shell:Creating prefix script '/home/ubuntu/jetracer_ws/install/local_setup.sh'
[11.601s] INFO:colcon.colcon_core.shell:Creating prefix util module '/home/ubuntu/jetracer_ws/install/_local_setup_util_sh.py'
[11.603s] INFO:colcon.colcon_core.shell:Creating prefix chain script '/home/ubuntu/jetracer_ws/install/setup.sh'
[11.659s] INFO:colcon.colcon_core.shell:Creating prefix script '/home/ubuntu/jetracer_ws/install/local_setup.bash'
[11.664s] INFO:colcon.colcon_core.shell:Creating prefix chain script '/home/ubuntu/jetracer_ws/install/setup.bash'
[11.720s] INFO:colcon.colcon_core.shell:Creating prefix script '/home/ubuntu/jetracer_ws/install/local_setup.zsh'
[11.725s] INFO:colcon.colcon_core.shell:Creating prefix chain script '/home/ubuntu/jetracer_ws/install/setup.zsh'
