[5.095s] Invoking command in '/home/ubuntu/jetracer_ws/build/sensor_data': PYTHONPATH=/home/ubuntu/jetracer_ws/build/sensor_data/prefix_override:/home/ubuntu/jetracer_ws/install/sensor_data/lib/python3.10/site-packages:${PYTHONPATH} /usr/bin/python3 setup.py develop --editable --build-directory /home/ubuntu/jetracer_ws/build/sensor_data/build --no-deps install_data
[6.406s] running develop
[6.407s] /usr/lib/python3/dist-packages/setuptools/command/easy_install.py:158: EasyInstallDeprecationWarning: easy_install command is deprecated. Use build and pip and other standards-based tools.
[6.408s]   warnings.warn(
[6.411s] /usr/lib/python3/dist-packages/setuptools/command/install.py:34: SetuptoolsDeprecationWarning: setup.py install is deprecated. Use build and pip and other standards-based tools.
[6.412s]   warnings.warn(
[7.030s] running egg_info
[7.031s] writing sensor_data.egg-info/PKG-INFO
[7.032s] writing dependency_links to sensor_data.egg-info/dependency_links.txt
[7.032s] writing entry points to sensor_data.egg-info/entry_points.txt
[7.033s] writing requirements to sensor_data.egg-info/requires.txt
[7.034s] writing top-level names to sensor_data.egg-info/top_level.txt
[7.042s] reading manifest file 'sensor_data.egg-info/SOURCES.txt'
[7.045s] writing manifest file 'sensor_data.egg-info/SOURCES.txt'
[7.051s] running build_ext
[7.052s] Creating /home/ubuntu/jetracer_ws/install/sensor_data/lib/python3.10/site-packages/sensor-data.egg-link (link to .)
[7.055s] Installing infrared_data script to /home/ubuntu/jetracer_ws/install/sensor_data/lib/sensor_data
[7.056s] Installing line_controller script to /home/ubuntu/jetracer_ws/install/sensor_data/lib/sensor_data
[7.058s] 
[7.058s] Installed /home/ubuntu/jetracer_ws/build/sensor_data
[7.059s] running install_data
[7.188s] Invoked command in '/home/ubuntu/jetracer_ws/build/sensor_data' returned '0': PYTHONPATH=/home/ubuntu/jetracer_ws/build/sensor_data/prefix_override:/home/ubuntu/jetracer_ws/install/sensor_data/lib/python3.10/site-packages:${PYTHONPATH} /usr/bin/python3 setup.py develop --editable --build-directory /home/ubuntu/jetracer_ws/build/sensor_data/build --no-deps install_data
