[3.411s] DEBUG:colcon:Command line arguments: ['/usr/bin/colcon', 'build', '--packages-select', 'jetson_controller', '--symlink-install']
[3.412s] DEBUG:colcon:Parsed command line arguments: Namespace(log_base=None, log_level=None, verb_name='build', build_base='build', install_base='install', merge_install=False, symlink_install=True, test_result_base=None, continue_on_error=False, executor='parallel', parallel_workers=4, event_handlers=None, ignore_user_meta=False, metas=['./colcon.meta'], base_paths=['.'], packages_ignore=None, packages_ignore_regex=None, paths=None, packages_up_to=None, packages_up_to_regex=None, packages_above=None, packages_above_and_dependencies=None, packages_above_depth=None, packages_select_by_dep=None, packages_skip_by_dep=None, packages_skip_up_to=None, packages_select_build_failed=False, packages_skip_build_finished=False, packages_select_test_failures=False, packages_skip_test_passed=False, packages_select=['jetson_controller'], packages_skip=None, packages_select_regex=None, packages_skip_regex=None, packages_start=None, packages_end=None, allow_overriding=[], cmake_args=None, cmake_target=None, cmake_target_skip_unavailable=False, cmake_clean_cache=False, cmake_clean_first=False, cmake_force_configure=False, ament_cmake_args=None, catkin_cmake_args=None, catkin_skip_building_tests=False, verb_parser=<colcon_defaults.argument_parser.defaults.DefaultArgumentsDecorator object at 0xffffb9690b80>, verb_extension=<colcon_core.verb.build.BuildVerb object at 0xffffb99bf100>, main=<bound method BuildVerb.main of <colcon_core.verb.build.BuildVerb object at 0xffffb99bf100>>)
[3.584s] Level 1:colcon.colcon_core.package_discovery:discover_packages(colcon_meta) check parameters
[3.584s] Level 1:colcon.colcon_core.package_discovery:discover_packages(recursive) check parameters
[3.584s] Level 1:colcon.colcon_core.package_discovery:discover_packages(ignore) check parameters
[3.584s] Level 1:colcon.colcon_core.package_discovery:discover_packages(path) check parameters
[3.584s] Level 1:colcon.colcon_core.package_discovery:discover_packages(colcon_meta) discover
[3.585s] Level 1:colcon.colcon_core.package_discovery:discover_packages(recursive) discover
[3.585s] INFO:colcon.colcon_core.package_discovery:Crawling recursively for packages in '/home/ubuntu/jetracer_ws'
[3.585s] Level 1:colcon.colcon_core.package_identification:_identify(.) by extensions ['ignore', 'ignore_ament_install']
[3.586s] Level 1:colcon.colcon_core.package_identification:_identify(.) by extension 'ignore'
[3.586s] Level 1:colcon.colcon_core.package_identification:_identify(.) by extension 'ignore_ament_install'
[3.586s] Level 1:colcon.colcon_core.package_identification:_identify(.) by extensions ['colcon_pkg']
[3.586s] Level 1:colcon.colcon_core.package_identification:_identify(.) by extension 'colcon_pkg'
[3.586s] Level 1:colcon.colcon_core.package_identification:_identify(.) by extensions ['colcon_meta']
[3.586s] Level 1:colcon.colcon_core.package_identification:_identify(.) by extension 'colcon_meta'
[3.587s] Level 1:colcon.colcon_core.package_identification:_identify(.) by extensions ['ros']
[3.587s] Level 1:colcon.colcon_core.package_identification:_identify(.) by extension 'ros'
[3.633s] Level 1:colcon.colcon_core.package_identification:_identify(.) by extensions ['cmake', 'python']
[3.634s] Level 1:colcon.colcon_core.package_identification:_identify(.) by extension 'cmake'
[3.634s] Level 1:colcon.colcon_core.package_identification:_identify(.) by extension 'python'
[3.634s] Level 1:colcon.colcon_core.package_identification:_identify(.) by extensions ['python_setup_py']
[3.634s] Level 1:colcon.colcon_core.package_identification:_identify(.) by extension 'python_setup_py'
[3.635s] Level 1:colcon.colcon_core.package_identification:_identify(build) by extensions ['ignore', 'ignore_ament_install']
[3.635s] Level 1:colcon.colcon_core.package_identification:_identify(build) by extension 'ignore'
[3.635s] Level 1:colcon.colcon_core.package_identification:_identify(build) ignored
[3.636s] Level 1:colcon.colcon_core.package_identification:_identify(install) by extensions ['ignore', 'ignore_ament_install']
[3.636s] Level 1:colcon.colcon_core.package_identification:_identify(install) by extension 'ignore'
[3.636s] Level 1:colcon.colcon_core.package_identification:_identify(install) ignored
[3.637s] Level 1:colcon.colcon_core.package_identification:_identify(log) by extensions ['ignore', 'ignore_ament_install']
[3.637s] Level 1:colcon.colcon_core.package_identification:_identify(log) by extension 'ignore'
[3.637s] Level 1:colcon.colcon_core.package_identification:_identify(log) ignored
[3.638s] Level 1:colcon.colcon_core.package_identification:_identify(src) by extensions ['ignore', 'ignore_ament_install']
[3.638s] Level 1:colcon.colcon_core.package_identification:_identify(src) by extension 'ignore'
[3.638s] Level 1:colcon.colcon_core.package_identification:_identify(src) by extension 'ignore_ament_install'
[3.638s] Level 1:colcon.colcon_core.package_identification:_identify(src) by extensions ['colcon_pkg']
[3.638s] Level 1:colcon.colcon_core.package_identification:_identify(src) by extension 'colcon_pkg'
[3.638s] Level 1:colcon.colcon_core.package_identification:_identify(src) by extensions ['colcon_meta']
[3.639s] Level 1:colcon.colcon_core.package_identification:_identify(src) by extension 'colcon_meta'
[3.639s] Level 1:colcon.colcon_core.package_identification:_identify(src) by extensions ['ros']
[3.639s] Level 1:colcon.colcon_core.package_identification:_identify(src) by extension 'ros'
[3.639s] Level 1:colcon.colcon_core.package_identification:_identify(src) by extensions ['cmake', 'python']
[3.639s] Level 1:colcon.colcon_core.package_identification:_identify(src) by extension 'cmake'
[3.639s] Level 1:colcon.colcon_core.package_identification:_identify(src) by extension 'python'
[3.640s] Level 1:colcon.colcon_core.package_identification:_identify(src) by extensions ['python_setup_py']
[3.640s] Level 1:colcon.colcon_core.package_identification:_identify(src) by extension 'python_setup_py'
[3.640s] Level 1:colcon.colcon_core.package_identification:_identify(src/jetson_controller) by extensions ['ignore', 'ignore_ament_install']
[3.640s] Level 1:colcon.colcon_core.package_identification:_identify(src/jetson_controller) by extension 'ignore'
[3.641s] Level 1:colcon.colcon_core.package_identification:_identify(src/jetson_controller) by extension 'ignore_ament_install'
[3.641s] Level 1:colcon.colcon_core.package_identification:_identify(src/jetson_controller) by extensions ['colcon_pkg']
[3.641s] Level 1:colcon.colcon_core.package_identification:_identify(src/jetson_controller) by extension 'colcon_pkg'
[3.641s] Level 1:colcon.colcon_core.package_identification:_identify(src/jetson_controller) by extensions ['colcon_meta']
[3.641s] Level 1:colcon.colcon_core.package_identification:_identify(src/jetson_controller) by extension 'colcon_meta'
[3.641s] Level 1:colcon.colcon_core.package_identification:_identify(src/jetson_controller) by extensions ['ros']
[3.641s] Level 1:colcon.colcon_core.package_identification:_identify(src/jetson_controller) by extension 'ros'
[3.646s] DEBUG:colcon.colcon_core.package_identification:Failed to parse potential ROS package manifest in'src/jetson_controller': Error(s) in package 'src/jetson_controller/package.xml':
The manifest contains invalid XML:
mismatched tag: line 11, column 24
[3.646s] Level 1:colcon.colcon_core.package_identification:_identify(src/jetson_controller) by extensions ['cmake', 'python']
[3.646s] Level 1:colcon.colcon_core.package_identification:_identify(src/jetson_controller) by extension 'cmake'
[3.646s] Level 1:colcon.colcon_core.package_identification:_identify(src/jetson_controller) by extension 'python'
[3.647s] DEBUG:colcon.colcon_core.package_identification:Python package in 'src/jetson_controller' passes arguments to the setup() function which requires a different identification extension than 'python'
[3.647s] Level 1:colcon.colcon_core.package_identification:_identify(src/jetson_controller) by extensions ['python_setup_py']
[3.647s] Level 1:colcon.colcon_core.package_identification:_identify(src/jetson_controller) by extension 'python_setup_py'
[4.628s] DEBUG:colcon.colcon_core.package_identification:Package 'src/jetson_controller' with type 'python' and name 'jetson_controller'
[4.629s] Level 1:colcon.colcon_core.package_identification:_identify(src/sensor_data) by extensions ['ignore', 'ignore_ament_install']
[4.629s] Level 1:colcon.colcon_core.package_identification:_identify(src/sensor_data) by extension 'ignore'
[4.630s] Level 1:colcon.colcon_core.package_identification:_identify(src/sensor_data) by extension 'ignore_ament_install'
[4.630s] Level 1:colcon.colcon_core.package_identification:_identify(src/sensor_data) by extensions ['colcon_pkg']
[4.630s] Level 1:colcon.colcon_core.package_identification:_identify(src/sensor_data) by extension 'colcon_pkg'
[4.630s] Level 1:colcon.colcon_core.package_identification:_identify(src/sensor_data) by extensions ['colcon_meta']
[4.630s] Level 1:colcon.colcon_core.package_identification:_identify(src/sensor_data) by extension 'colcon_meta'
[4.630s] Level 1:colcon.colcon_core.package_identification:_identify(src/sensor_data) by extensions ['ros']
[4.631s] Level 1:colcon.colcon_core.package_identification:_identify(src/sensor_data) by extension 'ros'
[4.638s] DEBUG:colcon.colcon_core.package_identification:Package 'src/sensor_data' with type 'ros.ament_python' and name 'sensor_data'
[4.638s] Level 1:colcon.colcon_core.package_discovery:discover_packages(recursive) using defaults
[4.638s] Level 1:colcon.colcon_core.package_discovery:discover_packages(ignore) discover
[4.639s] Level 1:colcon.colcon_core.package_discovery:discover_packages(ignore) using defaults
[4.639s] Level 1:colcon.colcon_core.package_discovery:discover_packages(path) discover
[4.639s] Level 1:colcon.colcon_core.package_discovery:discover_packages(path) using defaults
[4.854s] INFO:colcon.colcon_core.package_selection:Skipping not selected package 'sensor_data' in 'src/sensor_data'
[4.947s] Level 1:colcon.colcon_core.package_discovery:discover_packages(prefix_path) check parameters
[4.947s] Level 1:colcon.colcon_core.package_discovery:discover_packages(prefix_path) discover
[5.047s] DEBUG:colcon.colcon_installed_package_information.package_discovery:Found 1 installed packages in /home/ubuntu/jetracer_ws/install
[5.095s] DEBUG:colcon.colcon_installed_package_information.package_discovery:Found 7 installed packages in /home/ubuntu/turtlebot3_ws/install
[5.149s] DEBUG:colcon.colcon_installed_package_information.package_discovery:Found 184 installed packages in /opt/ros/humble
[5.153s] Level 1:colcon.colcon_core.package_discovery:discover_packages(prefix_path) using defaults
[5.417s] Level 5:colcon.colcon_core.verb:set package 'jetson_controller' build argument 'cmake_args' from command line to 'None'
[5.418s] Level 5:colcon.colcon_core.verb:set package 'jetson_controller' build argument 'cmake_target' from command line to 'None'
[5.418s] Level 5:colcon.colcon_core.verb:set package 'jetson_controller' build argument 'cmake_target_skip_unavailable' from command line to 'False'
[5.418s] Level 5:colcon.colcon_core.verb:set package 'jetson_controller' build argument 'cmake_clean_cache' from command line to 'False'
[5.418s] Level 5:colcon.colcon_core.verb:set package 'jetson_controller' build argument 'cmake_clean_first' from command line to 'False'
[5.418s] Level 5:colcon.colcon_core.verb:set package 'jetson_controller' build argument 'cmake_force_configure' from command line to 'False'
[5.418s] Level 5:colcon.colcon_core.verb:set package 'jetson_controller' build argument 'ament_cmake_args' from command line to 'None'
[5.418s] Level 5:colcon.colcon_core.verb:set package 'jetson_controller' build argument 'catkin_cmake_args' from command line to 'None'
[5.418s] Level 5:colcon.colcon_core.verb:set package 'jetson_controller' build argument 'catkin_skip_building_tests' from command line to 'False'
[5.418s] DEBUG:colcon.colcon_core.verb:Building package 'jetson_controller' with the following arguments: {'ament_cmake_args': None, 'build_base': '/home/ubuntu/jetracer_ws/build/jetson_controller', 'catkin_cmake_args': None, 'catkin_skip_building_tests': False, 'cmake_args': None, 'cmake_clean_cache': False, 'cmake_clean_first': False, 'cmake_force_configure': False, 'cmake_target': None, 'cmake_target_skip_unavailable': False, 'install_base': '/home/ubuntu/jetracer_ws/install/jetson_controller', 'merge_install': False, 'path': '/home/ubuntu/jetracer_ws/src/jetson_controller', 'symlink_install': True, 'test_result_base': None}
[5.464s] INFO:colcon.colcon_core.executor:Executing jobs using 'parallel' executor
[5.513s] DEBUG:colcon.colcon_parallel_executor.executor.parallel:run_until_complete
[5.514s] INFO:colcon.colcon_core.task.python.build:Building Python package in '/home/ubuntu/jetracer_ws/src/jetson_controller'
[5.570s] INFO:colcon.colcon_core.plugin_system:Skipping extension 'colcon_core.shell.bat': Not used on non-Windows systems
[5.571s] INFO:colcon.colcon_core.shell:Skip shell extension 'powershell' for command environment: Not usable outside of PowerShell
[5.571s] DEBUG:colcon.colcon_core.shell:Skip shell extension 'dsv' for command environment
[8.221s] DEBUG:colcon.colcon_core.event_handler.log_command:Invoking command in '/home/ubuntu/jetracer_ws/build/jetson_controller': PYTHONPATH=/home/ubuntu/jetracer_ws/build/jetson_controller/prefix_override:/home/ubuntu/jetracer_ws/install/jetson_controller/lib/python3.10/site-packages:${PYTHONPATH} /usr/bin/python3 setup.py develop --editable --build-directory /home/ubuntu/jetracer_ws/build/jetson_controller/build --no-deps install_data
[9.954s] Level 1:colcon.colcon_core.shell:create_environment_hook('jetson_controller', 'pythonpath_develop')
[9.956s] DEBUG:colcon.colcon_core.event_handler.log_command:Invoked command in '/home/ubuntu/jetracer_ws/build/jetson_controller' returned '0': PYTHONPATH=/home/ubuntu/jetracer_ws/build/jetson_controller/prefix_override:/home/ubuntu/jetracer_ws/install/jetson_controller/lib/python3.10/site-packages:${PYTHONPATH} /usr/bin/python3 setup.py develop --editable --build-directory /home/ubuntu/jetracer_ws/build/jetson_controller/build --no-deps install_data
[10.005s] INFO:colcon.colcon_core.shell:Creating environment hook '/home/ubuntu/jetracer_ws/build/jetson_controller/share/jetson_controller/hook/pythonpath_develop.ps1'
[10.008s] INFO:colcon.colcon_core.shell:Creating environment descriptor '/home/ubuntu/jetracer_ws/build/jetson_controller/share/jetson_controller/hook/pythonpath_develop.dsv'
[10.010s] INFO:colcon.colcon_core.shell:Creating environment hook '/home/ubuntu/jetracer_ws/build/jetson_controller/share/jetson_controller/hook/pythonpath_develop.sh'
[10.070s] Level 1:colcon.colcon_core.environment:checking '/home/ubuntu/jetracer_ws/install/jetson_controller' for CMake module files
[10.072s] Level 1:colcon.colcon_core.environment:checking '/home/ubuntu/jetracer_ws/install/jetson_controller' for CMake config files
[10.074s] Level 1:colcon.colcon_core.environment:checking '/home/ubuntu/jetracer_ws/install/jetson_controller/lib'
[10.075s] Level 1:colcon.colcon_core.environment:checking '/home/ubuntu/jetracer_ws/install/jetson_controller/bin'
[10.075s] Level 1:colcon.colcon_core.environment:checking '/home/ubuntu/jetracer_ws/install/jetson_controller/lib/pkgconfig/jetson_controller.pc'
[10.076s] Level 1:colcon.colcon_core.environment:checking '/home/ubuntu/jetracer_ws/install/jetson_controller/lib/python3.10/site-packages'
[10.076s] Level 1:colcon.colcon_core.shell:create_environment_hook('jetson_controller', 'pythonpath')
[10.124s] INFO:colcon.colcon_core.shell:Creating environment hook '/home/ubuntu/jetracer_ws/install/jetson_controller/share/jetson_controller/hook/pythonpath.ps1'
[10.126s] INFO:colcon.colcon_core.shell:Creating environment descriptor '/home/ubuntu/jetracer_ws/install/jetson_controller/share/jetson_controller/hook/pythonpath.dsv'
[10.127s] INFO:colcon.colcon_core.shell:Creating environment hook '/home/ubuntu/jetracer_ws/install/jetson_controller/share/jetson_controller/hook/pythonpath.sh'
[10.129s] Level 1:colcon.colcon_core.environment:checking '/home/ubuntu/jetracer_ws/install/jetson_controller/bin'
[10.130s] Level 1:colcon.colcon_core.environment:create_environment_scripts_only(jetson_controller)
[10.179s] INFO:colcon.colcon_core.shell:Creating package script '/home/ubuntu/jetracer_ws/install/jetson_controller/share/jetson_controller/package.ps1'
[10.182s] INFO:colcon.colcon_core.shell:Creating package descriptor '/home/ubuntu/jetracer_ws/install/jetson_controller/share/jetson_controller/package.dsv'
[10.184s] INFO:colcon.colcon_core.shell:Creating package script '/home/ubuntu/jetracer_ws/install/jetson_controller/share/jetson_controller/package.sh'
[10.187s] INFO:colcon.colcon_core.shell:Creating package script '/home/ubuntu/jetracer_ws/install/jetson_controller/share/jetson_controller/package.bash'
[10.190s] INFO:colcon.colcon_core.shell:Creating package script '/home/ubuntu/jetracer_ws/install/jetson_controller/share/jetson_controller/package.zsh'
[10.192s] Level 1:colcon.colcon_core.environment:create_file_with_runtime_dependencies(/home/ubuntu/jetracer_ws/install/jetson_controller/share/colcon-core/packages/jetson_controller)
[10.193s] DEBUG:colcon.colcon_parallel_executor.executor.parallel:closing loop
[10.195s] DEBUG:colcon.colcon_parallel_executor.executor.parallel:loop closed
[10.195s] DEBUG:colcon.colcon_parallel_executor.executor.parallel:run_until_complete finished with '0'
[10.196s] DEBUG:colcon.colcon_core.event_reactor:joining thread
[10.267s] INFO:colcon.colcon_core.plugin_system:Skipping extension 'colcon_notification.desktop_notification.notify_send': Could not find 'notify-send'
[10.267s] INFO:colcon.colcon_core.plugin_system:Skipping extension 'colcon_notification.desktop_notification.terminal_notifier': Not used on non-Darwin systems
[10.267s] INFO:colcon.colcon_core.plugin_system:Skipping extension 'colcon_notification.desktop_notification.win32': Not used on non-Windows systems
[10.267s] INFO:colcon.colcon_notification.desktop_notification:Sending desktop notification using 'notify2'
[10.270s] DEBUG:colcon.colcon_notification.desktop_notification.notify2:Failed to initialize notify2: org.freedesktop.DBus.Error.ServiceUnknown: The name org.freedesktop.Notifications was not provided by any .service files
[10.271s] DEBUG:colcon.colcon_core.event_reactor:joined thread
[10.322s] INFO:colcon.colcon_core.shell:Creating prefix script '/home/ubuntu/jetracer_ws/install/local_setup.ps1'
[10.325s] INFO:colcon.colcon_core.shell:Creating prefix util module '/home/ubuntu/jetracer_ws/install/_local_setup_util_ps1.py'
[10.330s] INFO:colcon.colcon_core.shell:Creating prefix chain script '/home/ubuntu/jetracer_ws/install/setup.ps1'
[10.382s] INFO:colcon.colcon_core.shell:Creating prefix script '/home/ubuntu/jetracer_ws/install/local_setup.sh'
[10.384s] INFO:colcon.colcon_core.shell:Creating prefix util module '/home/ubuntu/jetracer_ws/install/_local_setup_util_sh.py'
[10.386s] INFO:colcon.colcon_core.shell:Creating prefix chain script '/home/ubuntu/jetracer_ws/install/setup.sh'
[10.438s] INFO:colcon.colcon_core.shell:Creating prefix script '/home/ubuntu/jetracer_ws/install/local_setup.bash'
[10.440s] INFO:colcon.colcon_core.shell:Creating prefix chain script '/home/ubuntu/jetracer_ws/install/setup.bash'
[10.492s] INFO:colcon.colcon_core.shell:Creating prefix script '/home/ubuntu/jetracer_ws/install/local_setup.zsh'
[10.494s] INFO:colcon.colcon_core.shell:Creating prefix chain script '/home/ubuntu/jetracer_ws/install/setup.zsh'
