[3.418s] Invoking command in '/home/ubuntu/jetracer_ws/build/jetson_controller': PYTHONPATH=/home/ubuntu/jetracer_ws/build/jetson_controller/prefix_override:/home/ubuntu/jetracer_ws/install/jetson_controller/lib/python3.10/site-packages:${PYTHONPATH} /usr/bin/python3 setup.py develop --editable --build-directory /home/ubuntu/jetracer_ws/build/jetson_controller/build --no-deps install_data
[4.778s] running develop
[4.781s] /usr/lib/python3/dist-packages/setuptools/command/easy_install.py:158: EasyInstallDeprecationWarning: easy_install command is deprecated. Use build and pip and other standards-based tools.
[4.781s]   warnings.warn(
[4.787s] /usr/lib/python3/dist-packages/setuptools/command/install.py:34: SetuptoolsDeprecationWarning: setup.py install is deprecated. Use build and pip and other standards-based tools.
[4.788s]   warnings.warn(
[5.660s] running egg_info
[5.660s] writing jetson_controller.egg-info/PKG-INFO
[5.661s] writing dependency_links to jetson_controller.egg-info/dependency_links.txt
[5.662s] writing entry points to jetson_controller.egg-info/entry_points.txt
[5.666s] writing requirements to jetson_controller.egg-info/requires.txt
[5.666s] writing top-level names to jetson_controller.egg-info/top_level.txt
[5.672s] reading manifest file 'jetson_controller.egg-info/SOURCES.txt'
[5.679s] writing manifest file 'jetson_controller.egg-info/SOURCES.txt'
[5.683s] running build_ext
[5.684s] Creating /home/ubuntu/jetracer_ws/install/jetson_controller/lib/python3.10/site-packages/jetson-controller.egg-link (link to .)
[5.688s] Installing line_controller script to /home/ubuntu/jetracer_ws/install/jetson_controller/lib/jetson_controller
[5.690s] 
[5.690s] Installed /home/ubuntu/jetracer_ws/build/jetson_controller
[5.691s] running install_data
[5.839s] Invoked command in '/home/ubuntu/jetracer_ws/build/jetson_controller' returned '0': PYTHONPATH=/home/ubuntu/jetracer_ws/build/jetson_controller/prefix_override:/home/ubuntu/jetracer_ws/install/jetson_controller/lib/python3.10/site-packages:${PYTHONPATH} /usr/bin/python3 setup.py develop --editable --build-directory /home/ubuntu/jetracer_ws/build/jetson_controller/build --no-deps install_data
