[5.640s] Invoking command in '/home/ubuntu/jetracer_ws/build/sensor_data': PYTHONPATH=/home/ubuntu/jetracer_ws/build/sensor_data/prefix_override:/home/ubuntu/jetracer_ws/install/sensor_data/lib/python3.10/site-packages:${PYTHONPATH} /usr/bin/python3 setup.py develop --editable --build-directory /home/ubuntu/jetracer_ws/build/sensor_data/build --no-deps install_data
[7.208s] running develop
[7.216s] /usr/lib/python3/dist-packages/setuptools/command/easy_install.py:158: EasyInstallDeprecationWarning: easy_install command is deprecated. Use build and pip and other standards-based tools.
[7.217s]   warnings.warn(
[7.229s] /usr/lib/python3/dist-packages/setuptools/command/install.py:34: SetuptoolsDeprecationWarning: setup.py install is deprecated. Use build and pip and other standards-based tools.
[7.229s]   warnings.warn(
[8.145s] running egg_info
[8.147s] writing sensor_data.egg-info/PKG-INFO
[8.153s] writing dependency_links to sensor_data.egg-info/dependency_links.txt
[8.154s] writing entry points to sensor_data.egg-info/entry_points.txt
[8.156s] writing requirements to sensor_data.egg-info/requires.txt
[8.156s] writing top-level names to sensor_data.egg-info/top_level.txt
[8.188s] reading manifest file 'sensor_data.egg-info/SOURCES.txt'
[8.204s] writing manifest file 'sensor_data.egg-info/SOURCES.txt'
[8.217s] running build_ext
[8.218s] Creating /home/ubuntu/jetracer_ws/install/sensor_data/lib/python3.10/site-packages/sensor-data.egg-link (link to .)
[8.226s] Installing infrared_data script to /home/ubuntu/jetracer_ws/install/sensor_data/lib/sensor_data
[8.232s] Installing line_controller script to /home/ubuntu/jetracer_ws/install/sensor_data/lib/sensor_data
[8.233s] Installing ultrasonic_data script to /home/ubuntu/jetracer_ws/install/sensor_data/lib/sensor_data
[8.238s] 
[8.238s] Installed /home/ubuntu/jetracer_ws/build/sensor_data
[8.239s] running install_data
[8.499s] Invoked command in '/home/ubuntu/jetracer_ws/build/sensor_data' returned '0': PYTHONPATH=/home/ubuntu/jetracer_ws/build/sensor_data/prefix_override:/home/ubuntu/jetracer_ws/install/sensor_data/lib/python3.10/site-packages:${PYTHONPATH} /usr/bin/python3 setup.py develop --editable --build-directory /home/ubuntu/jetracer_ws/build/sensor_data/build --no-deps install_data
