[7.064s] DEBUG:colcon:Command line arguments: ['/usr/bin/colcon', 'build']
[7.064s] DEBUG:colcon:Parsed command line arguments: Namespace(log_base=None, log_level=None, verb_name='build', build_base='build', install_base='install', merge_install=False, symlink_install=False, test_result_base=None, continue_on_error=False, executor='parallel', parallel_workers=4, event_handlers=None, ignore_user_meta=False, metas=['./colcon.meta'], base_paths=['.'], packages_ignore=None, packages_ignore_regex=None, paths=None, packages_up_to=None, packages_up_to_regex=None, packages_above=None, packages_above_and_dependencies=None, packages_above_depth=None, packages_select_by_dep=None, packages_skip_by_dep=None, packages_skip_up_to=None, packages_select_build_failed=False, packages_skip_build_finished=False, packages_select_test_failures=False, packages_skip_test_passed=False, packages_select=None, packages_skip=None, packages_select_regex=None, packages_skip_regex=None, packages_start=None, packages_end=None, allow_overriding=[], cmake_args=None, cmake_target=None, cmake_target_skip_unavailable=False, cmake_clean_cache=False, cmake_clean_first=False, cmake_force_configure=False, ament_cmake_args=None, catkin_cmake_args=None, catkin_skip_building_tests=False, verb_parser=<colcon_defaults.argument_parser.defaults.DefaultArgumentsDecorator object at 0xffff995b7610>, verb_extension=<colcon_core.verb.build.BuildVerb object at 0xffff998ee470>, main=<bound method BuildVerb.main of <colcon_core.verb.build.BuildVerb object at 0xffff998ee470>>)
[7.460s] Level 1:colcon.colcon_core.package_discovery:discover_packages(colcon_meta) check parameters
[7.460s] Level 1:colcon.colcon_core.package_discovery:discover_packages(recursive) check parameters
[7.461s] Level 1:colcon.colcon_core.package_discovery:discover_packages(ignore) check parameters
[7.461s] Level 1:colcon.colcon_core.package_discovery:discover_packages(path) check parameters
[7.461s] Level 1:colcon.colcon_core.package_discovery:discover_packages(colcon_meta) discover
[7.462s] Level 1:colcon.colcon_core.package_discovery:discover_packages(recursive) discover
[7.462s] INFO:colcon.colcon_core.package_discovery:Crawling recursively for packages in '/home/ubuntu/jetracer_ws'
[7.463s] Level 1:colcon.colcon_core.package_identification:_identify(.) by extensions ['ignore', 'ignore_ament_install']
[7.463s] Level 1:colcon.colcon_core.package_identification:_identify(.) by extension 'ignore'
[7.464s] Level 1:colcon.colcon_core.package_identification:_identify(.) by extension 'ignore_ament_install'
[7.465s] Level 1:colcon.colcon_core.package_identification:_identify(.) by extensions ['colcon_pkg']
[7.465s] Level 1:colcon.colcon_core.package_identification:_identify(.) by extension 'colcon_pkg'
[7.465s] Level 1:colcon.colcon_core.package_identification:_identify(.) by extensions ['colcon_meta']
[7.466s] Level 1:colcon.colcon_core.package_identification:_identify(.) by extension 'colcon_meta'
[7.466s] Level 1:colcon.colcon_core.package_identification:_identify(.) by extensions ['ros']
[7.466s] Level 1:colcon.colcon_core.package_identification:_identify(.) by extension 'ros'
[7.550s] Level 1:colcon.colcon_core.package_identification:_identify(.) by extensions ['cmake', 'python']
[7.551s] Level 1:colcon.colcon_core.package_identification:_identify(.) by extension 'cmake'
[7.551s] Level 1:colcon.colcon_core.package_identification:_identify(.) by extension 'python'
[7.551s] Level 1:colcon.colcon_core.package_identification:_identify(.) by extensions ['python_setup_py']
[7.552s] Level 1:colcon.colcon_core.package_identification:_identify(.) by extension 'python_setup_py'
[7.553s] Level 1:colcon.colcon_core.package_identification:_identify(build) by extensions ['ignore', 'ignore_ament_install']
[7.553s] Level 1:colcon.colcon_core.package_identification:_identify(build) by extension 'ignore'
[7.554s] Level 1:colcon.colcon_core.package_identification:_identify(build) ignored
[7.555s] Level 1:colcon.colcon_core.package_identification:_identify(install) by extensions ['ignore', 'ignore_ament_install']
[7.555s] Level 1:colcon.colcon_core.package_identification:_identify(install) by extension 'ignore'
[7.556s] Level 1:colcon.colcon_core.package_identification:_identify(install) ignored
[7.556s] Level 1:colcon.colcon_core.package_identification:_identify(log) by extensions ['ignore', 'ignore_ament_install']
[7.557s] Level 1:colcon.colcon_core.package_identification:_identify(log) by extension 'ignore'
[7.557s] Level 1:colcon.colcon_core.package_identification:_identify(log) ignored
[7.558s] Level 1:colcon.colcon_core.package_identification:_identify(src) by extensions ['ignore', 'ignore_ament_install']
[7.559s] Level 1:colcon.colcon_core.package_identification:_identify(src) by extension 'ignore'
[7.559s] Level 1:colcon.colcon_core.package_identification:_identify(src) by extension 'ignore_ament_install'
[7.560s] Level 1:colcon.colcon_core.package_identification:_identify(src) by extensions ['colcon_pkg']
[7.560s] Level 1:colcon.colcon_core.package_identification:_identify(src) by extension 'colcon_pkg'
[7.560s] Level 1:colcon.colcon_core.package_identification:_identify(src) by extensions ['colcon_meta']
[7.561s] Level 1:colcon.colcon_core.package_identification:_identify(src) by extension 'colcon_meta'
[7.561s] Level 1:colcon.colcon_core.package_identification:_identify(src) by extensions ['ros']
[7.561s] Level 1:colcon.colcon_core.package_identification:_identify(src) by extension 'ros'
[7.562s] Level 1:colcon.colcon_core.package_identification:_identify(src) by extensions ['cmake', 'python']
[7.562s] Level 1:colcon.colcon_core.package_identification:_identify(src) by extension 'cmake'
[7.563s] Level 1:colcon.colcon_core.package_identification:_identify(src) by extension 'python'
[7.563s] Level 1:colcon.colcon_core.package_identification:_identify(src) by extensions ['python_setup_py']
[7.563s] Level 1:colcon.colcon_core.package_identification:_identify(src) by extension 'python_setup_py'
[7.563s] Level 1:colcon.colcon_core.package_discovery:discover_packages(recursive) using defaults
[7.564s] Level 1:colcon.colcon_core.package_discovery:discover_packages(ignore) discover
[7.564s] Level 1:colcon.colcon_core.package_discovery:discover_packages(ignore) using defaults
[7.564s] Level 1:colcon.colcon_core.package_discovery:discover_packages(path) discover
[7.564s] Level 1:colcon.colcon_core.package_discovery:discover_packages(path) using defaults
[8.273s] Level 1:colcon.colcon_core.package_discovery:discover_packages(prefix_path) check parameters
[8.274s] Level 1:colcon.colcon_core.package_discovery:discover_packages(prefix_path) discover
[8.504s] DEBUG:colcon.colcon_installed_package_information.package_discovery:Found 7 installed packages in /home/ubuntu/turtlebot3_ws/install
[8.581s] DEBUG:colcon.colcon_installed_package_information.package_discovery:Found 183 installed packages in /opt/ros/humble
[8.586s] Level 1:colcon.colcon_core.package_discovery:discover_packages(prefix_path) using defaults
[9.054s] INFO:colcon.colcon_core.executor:Executing jobs using 'parallel' executor
[9.149s] DEBUG:colcon.colcon_parallel_executor.executor.parallel:run_until_complete
[9.150s] DEBUG:colcon.colcon_parallel_executor.executor.parallel:closing loop
[9.152s] DEBUG:colcon.colcon_parallel_executor.executor.parallel:loop closed
[9.152s] DEBUG:colcon.colcon_parallel_executor.executor.parallel:run_until_complete finished with '0'
[9.152s] DEBUG:colcon.colcon_core.event_reactor:joining thread
[9.272s] INFO:colcon.colcon_core.plugin_system:Skipping extension 'colcon_notification.desktop_notification.notify_send': Could not find 'notify-send'
[9.273s] INFO:colcon.colcon_core.plugin_system:Skipping extension 'colcon_notification.desktop_notification.terminal_notifier': Not used on non-Darwin systems
[9.273s] INFO:colcon.colcon_core.plugin_system:Skipping extension 'colcon_notification.desktop_notification.win32': Not used on non-Windows systems
[9.273s] INFO:colcon.colcon_notification.desktop_notification:Sending desktop notification using 'notify2'
[9.313s] DEBUG:colcon.colcon_notification.desktop_notification.notify2:Failed to initialize notify2: org.freedesktop.DBus.Error.ServiceUnknown: The name org.freedesktop.Notifications was not provided by any .service files
[9.313s] DEBUG:colcon.colcon_core.event_reactor:joined thread
[9.434s] INFO:colcon.colcon_core.plugin_system:Skipping extension 'colcon_core.shell.bat': Not used on non-Windows systems
[9.435s] INFO:colcon.colcon_core.shell:Creating prefix script '/home/ubuntu/jetracer_ws/install/local_setup.ps1'
[9.442s] INFO:colcon.colcon_core.shell:Creating prefix util module '/home/ubuntu/jetracer_ws/install/_local_setup_util_ps1.py'
[9.449s] INFO:colcon.colcon_core.shell:Creating prefix chain script '/home/ubuntu/jetracer_ws/install/setup.ps1'
[9.572s] INFO:colcon.colcon_core.shell:Creating prefix script '/home/ubuntu/jetracer_ws/install/local_setup.sh'
[9.577s] INFO:colcon.colcon_core.shell:Creating prefix util module '/home/ubuntu/jetracer_ws/install/_local_setup_util_sh.py'
[9.580s] INFO:colcon.colcon_core.shell:Creating prefix chain script '/home/ubuntu/jetracer_ws/install/setup.sh'
[9.680s] INFO:colcon.colcon_core.shell:Creating prefix script '/home/ubuntu/jetracer_ws/install/local_setup.bash'
[9.686s] INFO:colcon.colcon_core.shell:Creating prefix chain script '/home/ubuntu/jetracer_ws/install/setup.bash'
[9.775s] INFO:colcon.colcon_core.shell:Creating prefix script '/home/ubuntu/jetracer_ws/install/local_setup.zsh'
[9.781s] INFO:colcon.colcon_core.shell:Creating prefix chain script '/home/ubuntu/jetracer_ws/install/setup.zsh'
