[8.496s] DEBUG:colcon:Command line arguments: ['/usr/bin/colcon', 'build', '--symlink-install', '--packages-select', 'jetson_bringup']
[8.497s] DEBUG:colcon:Parsed command line arguments: Namespace(log_base=None, log_level=None, verb_name='build', build_base='build', install_base='install', merge_install=False, symlink_install=True, test_result_base=None, continue_on_error=False, executor='parallel', parallel_workers=4, event_handlers=None, ignore_user_meta=False, metas=['./colcon.meta'], base_paths=['.'], packages_ignore=None, packages_ignore_regex=None, paths=None, packages_up_to=None, packages_up_to_regex=None, packages_above=None, packages_above_and_dependencies=None, packages_above_depth=None, packages_select_by_dep=None, packages_skip_by_dep=None, packages_skip_up_to=None, packages_select_build_failed=False, packages_skip_build_finished=False, packages_select_test_failures=False, packages_skip_test_passed=False, packages_select=['jetson_bringup'], packages_skip=None, packages_select_regex=None, packages_skip_regex=None, packages_start=None, packages_end=None, allow_overriding=[], cmake_args=None, cmake_target=None, cmake_target_skip_unavailable=False, cmake_clean_cache=False, cmake_clean_first=False, cmake_force_configure=False, ament_cmake_args=None, catkin_cmake_args=None, catkin_skip_building_tests=False, verb_parser=<colcon_defaults.argument_parser.defaults.DefaultArgumentsDecorator object at 0xffffaf045630>, verb_extension=<colcon_core.verb.build.BuildVerb object at 0xffffaf38beb0>, main=<bound method BuildVerb.main of <colcon_core.verb.build.BuildVerb object at 0xffffaf38beb0>>)
[8.771s] Level 1:colcon.colcon_core.package_discovery:discover_packages(colcon_meta) check parameters
[8.772s] Level 1:colcon.colcon_core.package_discovery:discover_packages(recursive) check parameters
[8.772s] Level 1:colcon.colcon_core.package_discovery:discover_packages(ignore) check parameters
[8.772s] Level 1:colcon.colcon_core.package_discovery:discover_packages(path) check parameters
[8.772s] Level 1:colcon.colcon_core.package_discovery:discover_packages(colcon_meta) discover
[8.773s] Level 1:colcon.colcon_core.package_discovery:discover_packages(recursive) discover
[8.773s] INFO:colcon.colcon_core.package_discovery:Crawling recursively for packages in '/home/ubuntu/jetracer_ws'
[8.774s] Level 1:colcon.colcon_core.package_identification:_identify(.) by extensions ['ignore', 'ignore_ament_install']
[8.774s] Level 1:colcon.colcon_core.package_identification:_identify(.) by extension 'ignore'
[8.775s] Level 1:colcon.colcon_core.package_identification:_identify(.) by extension 'ignore_ament_install'
[8.775s] Level 1:colcon.colcon_core.package_identification:_identify(.) by extensions ['colcon_pkg']
[8.775s] Level 1:colcon.colcon_core.package_identification:_identify(.) by extension 'colcon_pkg'
[8.775s] Level 1:colcon.colcon_core.package_identification:_identify(.) by extensions ['colcon_meta']
[8.775s] Level 1:colcon.colcon_core.package_identification:_identify(.) by extension 'colcon_meta'
[8.776s] Level 1:colcon.colcon_core.package_identification:_identify(.) by extensions ['ros']
[8.776s] Level 1:colcon.colcon_core.package_identification:_identify(.) by extension 'ros'
[8.831s] Level 1:colcon.colcon_core.package_identification:_identify(.) by extensions ['cmake', 'python']
[8.831s] Level 1:colcon.colcon_core.package_identification:_identify(.) by extension 'cmake'
[8.832s] Level 1:colcon.colcon_core.package_identification:_identify(.) by extension 'python'
[8.832s] Level 1:colcon.colcon_core.package_identification:_identify(.) by extensions ['python_setup_py']
[8.832s] Level 1:colcon.colcon_core.package_identification:_identify(.) by extension 'python_setup_py'
[8.833s] Level 1:colcon.colcon_core.package_identification:_identify(build) by extensions ['ignore', 'ignore_ament_install']
[8.833s] Level 1:colcon.colcon_core.package_identification:_identify(build) by extension 'ignore'
[8.834s] Level 1:colcon.colcon_core.package_identification:_identify(build) ignored
[8.835s] Level 1:colcon.colcon_core.package_identification:_identify(install) by extensions ['ignore', 'ignore_ament_install']
[8.835s] Level 1:colcon.colcon_core.package_identification:_identify(install) by extension 'ignore'
[8.835s] Level 1:colcon.colcon_core.package_identification:_identify(install) ignored
[8.836s] Level 1:colcon.colcon_core.package_identification:_identify(log) by extensions ['ignore', 'ignore_ament_install']
[8.836s] Level 1:colcon.colcon_core.package_identification:_identify(log) by extension 'ignore'
[8.837s] Level 1:colcon.colcon_core.package_identification:_identify(log) ignored
[8.837s] Level 1:colcon.colcon_core.package_identification:_identify(src) by extensions ['ignore', 'ignore_ament_install']
[8.838s] Level 1:colcon.colcon_core.package_identification:_identify(src) by extension 'ignore'
[8.841s] Level 1:colcon.colcon_core.package_identification:_identify(src) by extension 'ignore_ament_install'
[8.842s] Level 1:colcon.colcon_core.package_identification:_identify(src) by extensions ['colcon_pkg']
[8.842s] Level 1:colcon.colcon_core.package_identification:_identify(src) by extension 'colcon_pkg'
[8.842s] Level 1:colcon.colcon_core.package_identification:_identify(src) by extensions ['colcon_meta']
[8.843s] Level 1:colcon.colcon_core.package_identification:_identify(src) by extension 'colcon_meta'
[8.843s] Level 1:colcon.colcon_core.package_identification:_identify(src) by extensions ['ros']
[8.843s] Level 1:colcon.colcon_core.package_identification:_identify(src) by extension 'ros'
[8.844s] Level 1:colcon.colcon_core.package_identification:_identify(src) by extensions ['cmake', 'python']
[8.845s] Level 1:colcon.colcon_core.package_identification:_identify(src) by extension 'cmake'
[8.845s] Level 1:colcon.colcon_core.package_identification:_identify(src) by extension 'python'
[8.845s] Level 1:colcon.colcon_core.package_identification:_identify(src) by extensions ['python_setup_py']
[8.846s] Level 1:colcon.colcon_core.package_identification:_identify(src) by extension 'python_setup_py'
[8.847s] Level 1:colcon.colcon_core.package_identification:_identify(src/camera_sensor) by extensions ['ignore', 'ignore_ament_install']
[8.847s] Level 1:colcon.colcon_core.package_identification:_identify(src/camera_sensor) by extension 'ignore'
[8.847s] Level 1:colcon.colcon_core.package_identification:_identify(src/camera_sensor) by extension 'ignore_ament_install'
[8.848s] Level 1:colcon.colcon_core.package_identification:_identify(src/camera_sensor) by extensions ['colcon_pkg']
[8.848s] Level 1:colcon.colcon_core.package_identification:_identify(src/camera_sensor) by extension 'colcon_pkg'
[8.848s] Level 1:colcon.colcon_core.package_identification:_identify(src/camera_sensor) by extensions ['colcon_meta']
[8.848s] Level 1:colcon.colcon_core.package_identification:_identify(src/camera_sensor) by extension 'colcon_meta'
[8.848s] Level 1:colcon.colcon_core.package_identification:_identify(src/camera_sensor) by extensions ['ros']
[8.849s] Level 1:colcon.colcon_core.package_identification:_identify(src/camera_sensor) by extension 'ros'
[8.860s] DEBUG:colcon.colcon_core.package_identification:Package 'src/camera_sensor' with type 'ros.ament_python' and name 'camera_sensor'
[8.861s] Level 1:colcon.colcon_core.package_identification:_identify(src/jetson_bringup) by extensions ['ignore', 'ignore_ament_install']
[8.861s] Level 1:colcon.colcon_core.package_identification:_identify(src/jetson_bringup) by extension 'ignore'
[8.862s] Level 1:colcon.colcon_core.package_identification:_identify(src/jetson_bringup) by extension 'ignore_ament_install'
[8.862s] Level 1:colcon.colcon_core.package_identification:_identify(src/jetson_bringup) by extensions ['colcon_pkg']
[8.862s] Level 1:colcon.colcon_core.package_identification:_identify(src/jetson_bringup) by extension 'colcon_pkg'
[8.863s] Level 1:colcon.colcon_core.package_identification:_identify(src/jetson_bringup) by extensions ['colcon_meta']
[8.863s] Level 1:colcon.colcon_core.package_identification:_identify(src/jetson_bringup) by extension 'colcon_meta'
[8.863s] Level 1:colcon.colcon_core.package_identification:_identify(src/jetson_bringup) by extensions ['ros']
[8.863s] Level 1:colcon.colcon_core.package_identification:_identify(src/jetson_bringup) by extension 'ros'
[8.868s] DEBUG:colcon.colcon_core.package_identification:Package 'src/jetson_bringup' with type 'ros.ament_cmake' and name 'jetson_bringup'
[8.871s] Level 1:colcon.colcon_core.package_identification:_identify(src/jetson_controller) by extensions ['ignore', 'ignore_ament_install']
[8.871s] Level 1:colcon.colcon_core.package_identification:_identify(src/jetson_controller) by extension 'ignore'
[8.872s] Level 1:colcon.colcon_core.package_identification:_identify(src/jetson_controller) by extension 'ignore_ament_install'
[8.872s] Level 1:colcon.colcon_core.package_identification:_identify(src/jetson_controller) by extensions ['colcon_pkg']
[8.872s] Level 1:colcon.colcon_core.package_identification:_identify(src/jetson_controller) by extension 'colcon_pkg'
[8.873s] Level 1:colcon.colcon_core.package_identification:_identify(src/jetson_controller) by extensions ['colcon_meta']
[8.873s] Level 1:colcon.colcon_core.package_identification:_identify(src/jetson_controller) by extension 'colcon_meta'
[8.873s] Level 1:colcon.colcon_core.package_identification:_identify(src/jetson_controller) by extensions ['ros']
[8.873s] Level 1:colcon.colcon_core.package_identification:_identify(src/jetson_controller) by extension 'ros'
[8.875s] DEBUG:colcon.colcon_core.package_identification:Failed to parse potential ROS package manifest in'src/jetson_controller': Error(s) in package 'src/jetson_controller/package.xml':
The manifest contains invalid XML:
mismatched tag: line 11, column 24
[8.876s] Level 1:colcon.colcon_core.package_identification:_identify(src/jetson_controller) by extensions ['cmake', 'python']
[8.876s] Level 1:colcon.colcon_core.package_identification:_identify(src/jetson_controller) by extension 'cmake'
[8.876s] Level 1:colcon.colcon_core.package_identification:_identify(src/jetson_controller) by extension 'python'
[8.877s] DEBUG:colcon.colcon_core.package_identification:Python package in 'src/jetson_controller' passes arguments to the setup() function which requires a different identification extension than 'python'
[8.877s] Level 1:colcon.colcon_core.package_identification:_identify(src/jetson_controller) by extensions ['python_setup_py']
[8.877s] Level 1:colcon.colcon_core.package_identification:_identify(src/jetson_controller) by extension 'python_setup_py'
[10.603s] DEBUG:colcon.colcon_core.package_identification:Package 'src/jetson_controller' with type 'python' and name 'jetson_controller'
[10.604s] Level 1:colcon.colcon_core.package_identification:_identify(src/sensor_data) by extensions ['ignore', 'ignore_ament_install']
[10.604s] Level 1:colcon.colcon_core.package_identification:_identify(src/sensor_data) by extension 'ignore'
[10.605s] Level 1:colcon.colcon_core.package_identification:_identify(src/sensor_data) by extension 'ignore_ament_install'
[10.605s] Level 1:colcon.colcon_core.package_identification:_identify(src/sensor_data) by extensions ['colcon_pkg']
[10.605s] Level 1:colcon.colcon_core.package_identification:_identify(src/sensor_data) by extension 'colcon_pkg'
[10.605s] Level 1:colcon.colcon_core.package_identification:_identify(src/sensor_data) by extensions ['colcon_meta']
[10.605s] Level 1:colcon.colcon_core.package_identification:_identify(src/sensor_data) by extension 'colcon_meta'
[10.606s] Level 1:colcon.colcon_core.package_identification:_identify(src/sensor_data) by extensions ['ros']
[10.606s] Level 1:colcon.colcon_core.package_identification:_identify(src/sensor_data) by extension 'ros'
[10.610s] DEBUG:colcon.colcon_core.package_identification:Package 'src/sensor_data' with type 'ros.ament_python' and name 'sensor_data'
[10.611s] Level 1:colcon.colcon_core.package_discovery:discover_packages(recursive) using defaults
[10.611s] Level 1:colcon.colcon_core.package_discovery:discover_packages(ignore) discover
[10.611s] Level 1:colcon.colcon_core.package_discovery:discover_packages(ignore) using defaults
[10.611s] Level 1:colcon.colcon_core.package_discovery:discover_packages(path) discover
[10.611s] Level 1:colcon.colcon_core.package_discovery:discover_packages(path) using defaults
[10.994s] INFO:colcon.colcon_core.package_selection:Skipping not selected package 'camera_sensor' in 'src/camera_sensor'
[10.995s] INFO:colcon.colcon_core.package_selection:Skipping not selected package 'jetson_controller' in 'src/jetson_controller'
[10.995s] INFO:colcon.colcon_core.package_selection:Skipping not selected package 'sensor_data' in 'src/sensor_data'
[11.228s] Level 1:colcon.colcon_core.package_discovery:discover_packages(prefix_path) check parameters
[11.229s] Level 1:colcon.colcon_core.package_discovery:discover_packages(prefix_path) discover
[11.413s] DEBUG:colcon.colcon_installed_package_information.package_discovery:Found 3 installed packages in /home/ubuntu/jetracer_ws/install
[11.490s] DEBUG:colcon.colcon_installed_package_information.package_discovery:Found 7 installed packages in /home/ubuntu/turtlebot3_ws/install
[11.569s] DEBUG:colcon.colcon_installed_package_information.package_discovery:Found 193 installed packages in /opt/ros/humble
[11.573s] Level 1:colcon.colcon_core.package_discovery:discover_packages(prefix_path) using defaults
[11.955s] Level 5:colcon.colcon_core.verb:set package 'jetson_bringup' build argument 'cmake_args' from command line to 'None'
[11.955s] Level 5:colcon.colcon_core.verb:set package 'jetson_bringup' build argument 'cmake_target' from command line to 'None'
[11.955s] Level 5:colcon.colcon_core.verb:set package 'jetson_bringup' build argument 'cmake_target_skip_unavailable' from command line to 'False'
[11.955s] Level 5:colcon.colcon_core.verb:set package 'jetson_bringup' build argument 'cmake_clean_cache' from command line to 'False'
[11.956s] Level 5:colcon.colcon_core.verb:set package 'jetson_bringup' build argument 'cmake_clean_first' from command line to 'False'
[11.956s] Level 5:colcon.colcon_core.verb:set package 'jetson_bringup' build argument 'cmake_force_configure' from command line to 'False'
[11.956s] Level 5:colcon.colcon_core.verb:set package 'jetson_bringup' build argument 'ament_cmake_args' from command line to 'None'
[11.956s] Level 5:colcon.colcon_core.verb:set package 'jetson_bringup' build argument 'catkin_cmake_args' from command line to 'None'
[11.956s] Level 5:colcon.colcon_core.verb:set package 'jetson_bringup' build argument 'catkin_skip_building_tests' from command line to 'False'
[11.956s] DEBUG:colcon.colcon_core.verb:Building package 'jetson_bringup' with the following arguments: {'ament_cmake_args': None, 'build_base': '/home/ubuntu/jetracer_ws/build/jetson_bringup', 'catkin_cmake_args': None, 'catkin_skip_building_tests': False, 'cmake_args': None, 'cmake_clean_cache': False, 'cmake_clean_first': False, 'cmake_force_configure': False, 'cmake_target': None, 'cmake_target_skip_unavailable': False, 'install_base': '/home/ubuntu/jetracer_ws/install/jetson_bringup', 'merge_install': False, 'path': '/home/ubuntu/jetracer_ws/src/jetson_bringup', 'symlink_install': True, 'test_result_base': None}
[12.030s] INFO:colcon.colcon_core.executor:Executing jobs using 'parallel' executor
[12.103s] DEBUG:colcon.colcon_parallel_executor.executor.parallel:run_until_complete
[12.104s] INFO:colcon.colcon_ros.task.ament_cmake.build:Building ROS package in '/home/ubuntu/jetracer_ws/src/jetson_bringup' with build type 'ament_cmake'
[12.105s] INFO:colcon.colcon_cmake.task.cmake.build:Building CMake package in '/home/ubuntu/jetracer_ws/src/jetson_bringup'
[12.193s] INFO:colcon.colcon_core.plugin_system:Skipping extension 'colcon_core.shell.bat': Not used on non-Windows systems
[12.194s] INFO:colcon.colcon_core.shell:Skip shell extension 'powershell' for command environment: Not usable outside of PowerShell
[12.194s] DEBUG:colcon.colcon_core.shell:Skip shell extension 'dsv' for command environment
[12.566s] DEBUG:colcon.colcon_core.event_handler.log_command:Invoking command in '/home/ubuntu/jetracer_ws/build/jetson_bringup': CMAKE_PREFIX_PATH=${CMAKE_PREFIX_PATH}:/home/ubuntu/jetracer_ws/install/sensor_data:/home/ubuntu/turtlebot3_ws/install/turtlebot3_teleop:/home/ubuntu/turtlebot3_ws/install/turtlebot3_example:/opt/ros/humble /usr/bin/cmake /home/ubuntu/jetracer_ws/src/jetson_bringup -DAMENT_CMAKE_SYMLINK_INSTALL=1 -DCMAKE_INSTALL_PREFIX=/home/ubuntu/jetracer_ws/install/jetson_bringup
[14.020s] DEBUG:colcon.colcon_core.event_handler.log_command:Invoked command in '/home/ubuntu/jetracer_ws/build/jetson_bringup' returned '1': CMAKE_PREFIX_PATH=${CMAKE_PREFIX_PATH}:/home/ubuntu/jetracer_ws/install/sensor_data:/home/ubuntu/turtlebot3_ws/install/turtlebot3_teleop:/home/ubuntu/turtlebot3_ws/install/turtlebot3_example:/opt/ros/humble /usr/bin/cmake /home/ubuntu/jetracer_ws/src/jetson_bringup -DAMENT_CMAKE_SYMLINK_INSTALL=1 -DCMAKE_INSTALL_PREFIX=/home/ubuntu/jetracer_ws/install/jetson_bringup
[14.082s] Level 1:colcon.colcon_core.environment:create_environment_scripts_only(jetson_bringup)
[14.211s] Level 1:colcon.colcon_core.environment:checking '/home/ubuntu/jetracer_ws/install/jetson_bringup' for CMake module files
[14.214s] Level 1:colcon.colcon_core.environment:checking '/home/ubuntu/jetracer_ws/install/jetson_bringup' for CMake config files
[14.218s] Level 1:colcon.colcon_core.environment:checking '/home/ubuntu/jetracer_ws/install/jetson_bringup/bin'
[14.219s] Level 1:colcon.colcon_core.environment:checking '/home/ubuntu/jetracer_ws/install/jetson_bringup/lib/pkgconfig/jetson_bringup.pc'
[14.220s] Level 1:colcon.colcon_core.environment:checking '/home/ubuntu/jetracer_ws/install/jetson_bringup/lib/python3.10/site-packages'
[14.222s] Level 1:colcon.colcon_core.environment:checking '/home/ubuntu/jetracer_ws/install/jetson_bringup/bin'
[14.321s] INFO:colcon.colcon_core.shell:Creating package script '/home/ubuntu/jetracer_ws/install/jetson_bringup/share/jetson_bringup/package.ps1'
[14.325s] INFO:colcon.colcon_core.shell:Creating package descriptor '/home/ubuntu/jetracer_ws/install/jetson_bringup/share/jetson_bringup/package.dsv'
[14.327s] INFO:colcon.colcon_core.shell:Creating package script '/home/ubuntu/jetracer_ws/install/jetson_bringup/share/jetson_bringup/package.sh'
[14.333s] INFO:colcon.colcon_core.shell:Creating package script '/home/ubuntu/jetracer_ws/install/jetson_bringup/share/jetson_bringup/package.bash'
[14.339s] INFO:colcon.colcon_core.shell:Creating package script '/home/ubuntu/jetracer_ws/install/jetson_bringup/share/jetson_bringup/package.zsh'
[14.342s] Level 1:colcon.colcon_core.environment:create_file_with_runtime_dependencies(/home/ubuntu/jetracer_ws/install/jetson_bringup/share/colcon-core/packages/jetson_bringup)
[14.346s] DEBUG:colcon.colcon_parallel_executor.executor.parallel:closing loop
[14.348s] DEBUG:colcon.colcon_parallel_executor.executor.parallel:loop closed
[14.348s] DEBUG:colcon.colcon_parallel_executor.executor.parallel:run_until_complete finished with '1'
[14.348s] DEBUG:colcon.colcon_core.event_reactor:joining thread
[14.459s] INFO:colcon.colcon_core.plugin_system:Skipping extension 'colcon_notification.desktop_notification.notify_send': Could not find 'notify-send'
[14.460s] INFO:colcon.colcon_core.plugin_system:Skipping extension 'colcon_notification.desktop_notification.terminal_notifier': Not used on non-Darwin systems
[14.460s] INFO:colcon.colcon_core.plugin_system:Skipping extension 'colcon_notification.desktop_notification.win32': Not used on non-Windows systems
[14.460s] INFO:colcon.colcon_notification.desktop_notification:Sending desktop notification using 'notify2'
[14.464s] DEBUG:colcon.colcon_notification.desktop_notification.notify2:Failed to initialize notify2: org.freedesktop.DBus.Error.ServiceUnknown: The name org.freedesktop.Notifications was not provided by any .service files
[14.465s] DEBUG:colcon.colcon_core.event_reactor:joined thread
[14.535s] INFO:colcon.colcon_core.shell:Creating prefix script '/home/ubuntu/jetracer_ws/install/local_setup.ps1'
[14.539s] INFO:colcon.colcon_core.shell:Creating prefix util module '/home/ubuntu/jetracer_ws/install/_local_setup_util_ps1.py'
[14.544s] INFO:colcon.colcon_core.shell:Creating prefix chain script '/home/ubuntu/jetracer_ws/install/setup.ps1'
[14.618s] INFO:colcon.colcon_core.shell:Creating prefix script '/home/ubuntu/jetracer_ws/install/local_setup.sh'
[14.621s] INFO:colcon.colcon_core.shell:Creating prefix util module '/home/ubuntu/jetracer_ws/install/_local_setup_util_sh.py'
[14.624s] INFO:colcon.colcon_core.shell:Creating prefix chain script '/home/ubuntu/jetracer_ws/install/setup.sh'
[14.710s] INFO:colcon.colcon_core.shell:Creating prefix script '/home/ubuntu/jetracer_ws/install/local_setup.bash'
[14.713s] INFO:colcon.colcon_core.shell:Creating prefix chain script '/home/ubuntu/jetracer_ws/install/setup.bash'
[14.827s] INFO:colcon.colcon_core.shell:Creating prefix script '/home/ubuntu/jetracer_ws/install/local_setup.zsh'
[14.830s] INFO:colcon.colcon_core.shell:Creating prefix chain script '/home/ubuntu/jetracer_ws/install/setup.zsh'
