[5.626s] DEBUG:colcon:Command line arguments: ['/usr/bin/colcon', 'build', '--symlink-install', '--packages-select', 'jetson_bringup']
[5.626s] DEBUG:colcon:Parsed command line arguments: Namespace(log_base=None, log_level=None, verb_name='build', build_base='build', install_base='install', merge_install=False, symlink_install=True, test_result_base=None, continue_on_error=False, executor='parallel', parallel_workers=4, event_handlers=None, ignore_user_meta=False, metas=['./colcon.meta'], base_paths=['.'], packages_ignore=None, packages_ignore_regex=None, paths=None, packages_up_to=None, packages_up_to_regex=None, packages_above=None, packages_above_and_dependencies=None, packages_above_depth=None, packages_select_by_dep=None, packages_skip_by_dep=None, packages_skip_up_to=None, packages_select_build_failed=False, packages_skip_build_finished=False, packages_select_test_failures=False, packages_skip_test_passed=False, packages_select=['jetson_bringup'], packages_skip=None, packages_select_regex=None, packages_skip_regex=None, packages_start=None, packages_end=None, allow_overriding=[], cmake_args=None, cmake_target=None, cmake_target_skip_unavailable=False, cmake_clean_cache=False, cmake_clean_first=False, cmake_force_configure=False, ament_cmake_args=None, catkin_cmake_args=None, catkin_skip_building_tests=False, verb_parser=<colcon_defaults.argument_parser.defaults.DefaultArgumentsDecorator object at 0xffffb08dd660>, verb_extension=<colcon_core.verb.build.BuildVerb object at 0xffffb0c2beb0>, main=<bound method BuildVerb.main of <colcon_core.verb.build.BuildVerb object at 0xffffb0c2beb0>>)
[5.869s] Level 1:colcon.colcon_core.package_discovery:discover_packages(colcon_meta) check parameters
[5.870s] Level 1:colcon.colcon_core.package_discovery:discover_packages(recursive) check parameters
[5.870s] Level 1:colcon.colcon_core.package_discovery:discover_packages(ignore) check parameters
[5.870s] Level 1:colcon.colcon_core.package_discovery:discover_packages(path) check parameters
[5.870s] Level 1:colcon.colcon_core.package_discovery:discover_packages(colcon_meta) discover
[5.871s] Level 1:colcon.colcon_core.package_discovery:discover_packages(recursive) discover
[5.871s] INFO:colcon.colcon_core.package_discovery:Crawling recursively for packages in '/home/ubuntu/jetracer_ws'
[5.871s] Level 1:colcon.colcon_core.package_identification:_identify(.) by extensions ['ignore', 'ignore_ament_install']
[5.872s] Level 1:colcon.colcon_core.package_identification:_identify(.) by extension 'ignore'
[5.872s] Level 1:colcon.colcon_core.package_identification:_identify(.) by extension 'ignore_ament_install'
[5.872s] Level 1:colcon.colcon_core.package_identification:_identify(.) by extensions ['colcon_pkg']
[5.872s] Level 1:colcon.colcon_core.package_identification:_identify(.) by extension 'colcon_pkg'
[5.872s] Level 1:colcon.colcon_core.package_identification:_identify(.) by extensions ['colcon_meta']
[5.873s] Level 1:colcon.colcon_core.package_identification:_identify(.) by extension 'colcon_meta'
[5.873s] Level 1:colcon.colcon_core.package_identification:_identify(.) by extensions ['ros']
[5.873s] Level 1:colcon.colcon_core.package_identification:_identify(.) by extension 'ros'
[5.929s] Level 1:colcon.colcon_core.package_identification:_identify(.) by extensions ['cmake', 'python']
[5.929s] Level 1:colcon.colcon_core.package_identification:_identify(.) by extension 'cmake'
[5.930s] Level 1:colcon.colcon_core.package_identification:_identify(.) by extension 'python'
[5.930s] Level 1:colcon.colcon_core.package_identification:_identify(.) by extensions ['python_setup_py']
[5.930s] Level 1:colcon.colcon_core.package_identification:_identify(.) by extension 'python_setup_py'
[5.931s] Level 1:colcon.colcon_core.package_identification:_identify(build) by extensions ['ignore', 'ignore_ament_install']
[5.932s] Level 1:colcon.colcon_core.package_identification:_identify(build) by extension 'ignore'
[5.932s] Level 1:colcon.colcon_core.package_identification:_identify(build) ignored
[5.933s] Level 1:colcon.colcon_core.package_identification:_identify(install) by extensions ['ignore', 'ignore_ament_install']
[5.933s] Level 1:colcon.colcon_core.package_identification:_identify(install) by extension 'ignore'
[5.933s] Level 1:colcon.colcon_core.package_identification:_identify(install) ignored
[5.934s] Level 1:colcon.colcon_core.package_identification:_identify(log) by extensions ['ignore', 'ignore_ament_install']
[5.934s] Level 1:colcon.colcon_core.package_identification:_identify(log) by extension 'ignore'
[5.935s] Level 1:colcon.colcon_core.package_identification:_identify(log) ignored
[5.936s] Level 1:colcon.colcon_core.package_identification:_identify(src) by extensions ['ignore', 'ignore_ament_install']
[5.936s] Level 1:colcon.colcon_core.package_identification:_identify(src) by extension 'ignore'
[5.936s] Level 1:colcon.colcon_core.package_identification:_identify(src) by extension 'ignore_ament_install'
[5.937s] Level 1:colcon.colcon_core.package_identification:_identify(src) by extensions ['colcon_pkg']
[5.937s] Level 1:colcon.colcon_core.package_identification:_identify(src) by extension 'colcon_pkg'
[5.937s] Level 1:colcon.colcon_core.package_identification:_identify(src) by extensions ['colcon_meta']
[5.937s] Level 1:colcon.colcon_core.package_identification:_identify(src) by extension 'colcon_meta'
[5.938s] Level 1:colcon.colcon_core.package_identification:_identify(src) by extensions ['ros']
[5.938s] Level 1:colcon.colcon_core.package_identification:_identify(src) by extension 'ros'
[5.938s] Level 1:colcon.colcon_core.package_identification:_identify(src) by extensions ['cmake', 'python']
[5.938s] Level 1:colcon.colcon_core.package_identification:_identify(src) by extension 'cmake'
[5.939s] Level 1:colcon.colcon_core.package_identification:_identify(src) by extension 'python'
[5.939s] Level 1:colcon.colcon_core.package_identification:_identify(src) by extensions ['python_setup_py']
[5.939s] Level 1:colcon.colcon_core.package_identification:_identify(src) by extension 'python_setup_py'
[5.940s] Level 1:colcon.colcon_core.package_identification:_identify(src/camera_sensor) by extensions ['ignore', 'ignore_ament_install']
[5.940s] Level 1:colcon.colcon_core.package_identification:_identify(src/camera_sensor) by extension 'ignore'
[5.940s] Level 1:colcon.colcon_core.package_identification:_identify(src/camera_sensor) by extension 'ignore_ament_install'
[5.941s] Level 1:colcon.colcon_core.package_identification:_identify(src/camera_sensor) by extensions ['colcon_pkg']
[5.941s] Level 1:colcon.colcon_core.package_identification:_identify(src/camera_sensor) by extension 'colcon_pkg'
[5.941s] Level 1:colcon.colcon_core.package_identification:_identify(src/camera_sensor) by extensions ['colcon_meta']
[5.941s] Level 1:colcon.colcon_core.package_identification:_identify(src/camera_sensor) by extension 'colcon_meta'
[5.941s] Level 1:colcon.colcon_core.package_identification:_identify(src/camera_sensor) by extensions ['ros']
[5.941s] Level 1:colcon.colcon_core.package_identification:_identify(src/camera_sensor) by extension 'ros'
[5.952s] DEBUG:colcon.colcon_core.package_identification:Package 'src/camera_sensor' with type 'ros.ament_python' and name 'camera_sensor'
[5.953s] Level 1:colcon.colcon_core.package_identification:_identify(src/jetson_bringup) by extensions ['ignore', 'ignore_ament_install']
[5.953s] Level 1:colcon.colcon_core.package_identification:_identify(src/jetson_bringup) by extension 'ignore'
[5.954s] Level 1:colcon.colcon_core.package_identification:_identify(src/jetson_bringup) by extension 'ignore_ament_install'
[5.954s] Level 1:colcon.colcon_core.package_identification:_identify(src/jetson_bringup) by extensions ['colcon_pkg']
[5.954s] Level 1:colcon.colcon_core.package_identification:_identify(src/jetson_bringup) by extension 'colcon_pkg'
[5.954s] Level 1:colcon.colcon_core.package_identification:_identify(src/jetson_bringup) by extensions ['colcon_meta']
[5.955s] Level 1:colcon.colcon_core.package_identification:_identify(src/jetson_bringup) by extension 'colcon_meta'
[5.955s] Level 1:colcon.colcon_core.package_identification:_identify(src/jetson_bringup) by extensions ['ros']
[5.955s] Level 1:colcon.colcon_core.package_identification:_identify(src/jetson_bringup) by extension 'ros'
[5.957s] DEBUG:colcon.colcon_core.package_identification:Package 'src/jetson_bringup' with type 'ros.ament_cmake' and name 'jetson_bringup'
[5.958s] Level 1:colcon.colcon_core.package_identification:_identify(src/jetson_controller) by extensions ['ignore', 'ignore_ament_install']
[5.958s] Level 1:colcon.colcon_core.package_identification:_identify(src/jetson_controller) by extension 'ignore'
[5.958s] Level 1:colcon.colcon_core.package_identification:_identify(src/jetson_controller) by extension 'ignore_ament_install'
[5.959s] Level 1:colcon.colcon_core.package_identification:_identify(src/jetson_controller) by extensions ['colcon_pkg']
[5.959s] Level 1:colcon.colcon_core.package_identification:_identify(src/jetson_controller) by extension 'colcon_pkg'
[5.959s] Level 1:colcon.colcon_core.package_identification:_identify(src/jetson_controller) by extensions ['colcon_meta']
[5.959s] Level 1:colcon.colcon_core.package_identification:_identify(src/jetson_controller) by extension 'colcon_meta'
[5.960s] Level 1:colcon.colcon_core.package_identification:_identify(src/jetson_controller) by extensions ['ros']
[5.960s] Level 1:colcon.colcon_core.package_identification:_identify(src/jetson_controller) by extension 'ros'
[5.962s] DEBUG:colcon.colcon_core.package_identification:Failed to parse potential ROS package manifest in'src/jetson_controller': Error(s) in package 'src/jetson_controller/package.xml':
The manifest contains invalid XML:
mismatched tag: line 11, column 24
[5.962s] Level 1:colcon.colcon_core.package_identification:_identify(src/jetson_controller) by extensions ['cmake', 'python']
[5.963s] Level 1:colcon.colcon_core.package_identification:_identify(src/jetson_controller) by extension 'cmake'
[5.963s] Level 1:colcon.colcon_core.package_identification:_identify(src/jetson_controller) by extension 'python'
[5.964s] DEBUG:colcon.colcon_core.package_identification:Python package in 'src/jetson_controller' passes arguments to the setup() function which requires a different identification extension than 'python'
[5.964s] Level 1:colcon.colcon_core.package_identification:_identify(src/jetson_controller) by extensions ['python_setup_py']
[5.964s] Level 1:colcon.colcon_core.package_identification:_identify(src/jetson_controller) by extension 'python_setup_py'
[7.316s] DEBUG:colcon.colcon_core.package_identification:Package 'src/jetson_controller' with type 'python' and name 'jetson_controller'
[7.317s] Level 1:colcon.colcon_core.package_identification:_identify(src/sensor_data) by extensions ['ignore', 'ignore_ament_install']
[7.317s] Level 1:colcon.colcon_core.package_identification:_identify(src/sensor_data) by extension 'ignore'
[7.318s] Level 1:colcon.colcon_core.package_identification:_identify(src/sensor_data) by extension 'ignore_ament_install'
[7.318s] Level 1:colcon.colcon_core.package_identification:_identify(src/sensor_data) by extensions ['colcon_pkg']
[7.318s] Level 1:colcon.colcon_core.package_identification:_identify(src/sensor_data) by extension 'colcon_pkg'
[7.319s] Level 1:colcon.colcon_core.package_identification:_identify(src/sensor_data) by extensions ['colcon_meta']
[7.319s] Level 1:colcon.colcon_core.package_identification:_identify(src/sensor_data) by extension 'colcon_meta'
[7.319s] Level 1:colcon.colcon_core.package_identification:_identify(src/sensor_data) by extensions ['ros']
[7.319s] Level 1:colcon.colcon_core.package_identification:_identify(src/sensor_data) by extension 'ros'
[7.322s] DEBUG:colcon.colcon_core.package_identification:Package 'src/sensor_data' with type 'ros.ament_python' and name 'sensor_data'
[7.322s] Level 1:colcon.colcon_core.package_discovery:discover_packages(recursive) using defaults
[7.322s] Level 1:colcon.colcon_core.package_discovery:discover_packages(ignore) discover
[7.323s] Level 1:colcon.colcon_core.package_discovery:discover_packages(ignore) using defaults
[7.323s] Level 1:colcon.colcon_core.package_discovery:discover_packages(path) discover
[7.323s] Level 1:colcon.colcon_core.package_discovery:discover_packages(path) using defaults
[7.632s] INFO:colcon.colcon_core.package_selection:Skipping not selected package 'camera_sensor' in 'src/camera_sensor'
[7.632s] INFO:colcon.colcon_core.package_selection:Skipping not selected package 'jetson_controller' in 'src/jetson_controller'
[7.632s] INFO:colcon.colcon_core.package_selection:Skipping not selected package 'sensor_data' in 'src/sensor_data'
[7.773s] Level 1:colcon.colcon_core.package_discovery:discover_packages(prefix_path) check parameters
[7.773s] Level 1:colcon.colcon_core.package_discovery:discover_packages(prefix_path) discover
[7.931s] DEBUG:colcon.colcon_installed_package_information.package_discovery:Found 3 installed packages in /home/ubuntu/jetracer_ws/install
[8.006s] DEBUG:colcon.colcon_installed_package_information.package_discovery:Found 7 installed packages in /home/ubuntu/turtlebot3_ws/install
[8.098s] DEBUG:colcon.colcon_installed_package_information.package_discovery:Found 193 installed packages in /opt/ros/humble
[8.108s] Level 1:colcon.colcon_core.package_discovery:discover_packages(prefix_path) using defaults
[8.512s] Level 5:colcon.colcon_core.verb:set package 'jetson_bringup' build argument 'cmake_args' from command line to 'None'
[8.512s] Level 5:colcon.colcon_core.verb:set package 'jetson_bringup' build argument 'cmake_target' from command line to 'None'
[8.513s] Level 5:colcon.colcon_core.verb:set package 'jetson_bringup' build argument 'cmake_target_skip_unavailable' from command line to 'False'
[8.513s] Level 5:colcon.colcon_core.verb:set package 'jetson_bringup' build argument 'cmake_clean_cache' from command line to 'False'
[8.513s] Level 5:colcon.colcon_core.verb:set package 'jetson_bringup' build argument 'cmake_clean_first' from command line to 'False'
[8.513s] Level 5:colcon.colcon_core.verb:set package 'jetson_bringup' build argument 'cmake_force_configure' from command line to 'False'
[8.513s] Level 5:colcon.colcon_core.verb:set package 'jetson_bringup' build argument 'ament_cmake_args' from command line to 'None'
[8.513s] Level 5:colcon.colcon_core.verb:set package 'jetson_bringup' build argument 'catkin_cmake_args' from command line to 'None'
[8.513s] Level 5:colcon.colcon_core.verb:set package 'jetson_bringup' build argument 'catkin_skip_building_tests' from command line to 'False'
[8.513s] DEBUG:colcon.colcon_core.verb:Building package 'jetson_bringup' with the following arguments: {'ament_cmake_args': None, 'build_base': '/home/ubuntu/jetracer_ws/build/jetson_bringup', 'catkin_cmake_args': None, 'catkin_skip_building_tests': False, 'cmake_args': None, 'cmake_clean_cache': False, 'cmake_clean_first': False, 'cmake_force_configure': False, 'cmake_target': None, 'cmake_target_skip_unavailable': False, 'install_base': '/home/ubuntu/jetracer_ws/install/jetson_bringup', 'merge_install': False, 'path': '/home/ubuntu/jetracer_ws/src/jetson_bringup', 'symlink_install': True, 'test_result_base': None}
[8.587s] INFO:colcon.colcon_core.executor:Executing jobs using 'parallel' executor
[8.664s] DEBUG:colcon.colcon_parallel_executor.executor.parallel:run_until_complete
[8.666s] INFO:colcon.colcon_ros.task.ament_cmake.build:Building ROS package in '/home/ubuntu/jetracer_ws/src/jetson_bringup' with build type 'ament_cmake'
[8.667s] INFO:colcon.colcon_cmake.task.cmake.build:Building CMake package in '/home/ubuntu/jetracer_ws/src/jetson_bringup'
[8.754s] INFO:colcon.colcon_core.plugin_system:Skipping extension 'colcon_core.shell.bat': Not used on non-Windows systems
[8.755s] INFO:colcon.colcon_core.shell:Skip shell extension 'powershell' for command environment: Not usable outside of PowerShell
[8.756s] DEBUG:colcon.colcon_core.shell:Skip shell extension 'dsv' for command environment
[9.109s] DEBUG:colcon.colcon_core.event_handler.log_command:Invoking command in '/home/ubuntu/jetracer_ws/build/jetson_bringup': CMAKE_PREFIX_PATH=${CMAKE_PREFIX_PATH}:/home/ubuntu/jetracer_ws/install/sensor_data:/home/ubuntu/turtlebot3_ws/install/turtlebot3_teleop:/home/ubuntu/turtlebot3_ws/install/turtlebot3_example:/opt/ros/humble /usr/bin/cmake /home/ubuntu/jetracer_ws/src/jetson_bringup -DAMENT_CMAKE_SYMLINK_INSTALL=1 -DCMAKE_INSTALL_PREFIX=/home/ubuntu/jetracer_ws/install/jetson_bringup
[10.563s] DEBUG:colcon.colcon_core.event_handler.log_command:Invoked command in '/home/ubuntu/jetracer_ws/build/jetson_bringup' returned '0': CMAKE_PREFIX_PATH=${CMAKE_PREFIX_PATH}:/home/ubuntu/jetracer_ws/install/sensor_data:/home/ubuntu/turtlebot3_ws/install/turtlebot3_teleop:/home/ubuntu/turtlebot3_ws/install/turtlebot3_example:/opt/ros/humble /usr/bin/cmake /home/ubuntu/jetracer_ws/src/jetson_bringup -DAMENT_CMAKE_SYMLINK_INSTALL=1 -DCMAKE_INSTALL_PREFIX=/home/ubuntu/jetracer_ws/install/jetson_bringup
[10.565s] DEBUG:colcon.colcon_core.event_handler.log_command:Invoking command in '/home/ubuntu/jetracer_ws/build/jetson_bringup': CMAKE_PREFIX_PATH=${CMAKE_PREFIX_PATH}:/home/ubuntu/jetracer_ws/install/sensor_data:/home/ubuntu/turtlebot3_ws/install/turtlebot3_teleop:/home/ubuntu/turtlebot3_ws/install/turtlebot3_example:/opt/ros/humble /usr/bin/cmake --build /home/ubuntu/jetracer_ws/build/jetson_bringup -- -j4 -l4
[10.756s] DEBUG:colcon.colcon_core.event_handler.log_command:Invoked command in '/home/ubuntu/jetracer_ws/build/jetson_bringup' returned '0': CMAKE_PREFIX_PATH=${CMAKE_PREFIX_PATH}:/home/ubuntu/jetracer_ws/install/sensor_data:/home/ubuntu/turtlebot3_ws/install/turtlebot3_teleop:/home/ubuntu/turtlebot3_ws/install/turtlebot3_example:/opt/ros/humble /usr/bin/cmake --build /home/ubuntu/jetracer_ws/build/jetson_bringup -- -j4 -l4
[10.929s] DEBUG:colcon.colcon_core.event_handler.log_command:Invoking command in '/home/ubuntu/jetracer_ws/build/jetson_bringup': CMAKE_PREFIX_PATH=${CMAKE_PREFIX_PATH}:/home/ubuntu/jetracer_ws/install/sensor_data:/home/ubuntu/turtlebot3_ws/install/turtlebot3_teleop:/home/ubuntu/turtlebot3_ws/install/turtlebot3_example:/opt/ros/humble /usr/bin/cmake --install /home/ubuntu/jetracer_ws/build/jetson_bringup
[11.642s] Level 1:colcon.colcon_core.environment:create_environment_scripts_only(jetson_bringup)
[11.652s] DEBUG:colcon.colcon_core.event_handler.log_command:Invoked command in '/home/ubuntu/jetracer_ws/build/jetson_bringup' returned '0': CMAKE_PREFIX_PATH=${CMAKE_PREFIX_PATH}:/home/ubuntu/jetracer_ws/install/sensor_data:/home/ubuntu/turtlebot3_ws/install/turtlebot3_teleop:/home/ubuntu/turtlebot3_ws/install/turtlebot3_example:/opt/ros/humble /usr/bin/cmake --install /home/ubuntu/jetracer_ws/build/jetson_bringup
[11.767s] Level 1:colcon.colcon_core.environment:checking '/home/ubuntu/jetracer_ws/install/jetson_bringup' for CMake module files
[11.771s] Level 1:colcon.colcon_core.environment:checking '/home/ubuntu/jetracer_ws/install/jetson_bringup' for CMake config files
[11.774s] Level 1:colcon.colcon_core.shell:create_environment_hook('jetson_bringup', 'cmake_prefix_path')
[11.878s] INFO:colcon.colcon_core.shell:Creating environment hook '/home/ubuntu/jetracer_ws/install/jetson_bringup/share/jetson_bringup/hook/cmake_prefix_path.ps1'
[11.883s] INFO:colcon.colcon_core.shell:Creating environment descriptor '/home/ubuntu/jetracer_ws/install/jetson_bringup/share/jetson_bringup/hook/cmake_prefix_path.dsv'
[11.887s] INFO:colcon.colcon_core.shell:Creating environment hook '/home/ubuntu/jetracer_ws/install/jetson_bringup/share/jetson_bringup/hook/cmake_prefix_path.sh'
[11.892s] Level 1:colcon.colcon_core.environment:checking '/home/ubuntu/jetracer_ws/install/jetson_bringup/bin'
[11.893s] Level 1:colcon.colcon_core.environment:checking '/home/ubuntu/jetracer_ws/install/jetson_bringup/lib/pkgconfig/jetson_bringup.pc'
[11.894s] Level 1:colcon.colcon_core.environment:checking '/home/ubuntu/jetracer_ws/install/jetson_bringup/lib/python3.10/site-packages'
[11.897s] Level 1:colcon.colcon_core.environment:checking '/home/ubuntu/jetracer_ws/install/jetson_bringup/bin'
[12.004s] INFO:colcon.colcon_core.shell:Creating package script '/home/ubuntu/jetracer_ws/install/jetson_bringup/share/jetson_bringup/package.ps1'
[12.008s] INFO:colcon.colcon_core.shell:Creating package descriptor '/home/ubuntu/jetracer_ws/install/jetson_bringup/share/jetson_bringup/package.dsv'
[12.011s] INFO:colcon.colcon_core.shell:Creating package script '/home/ubuntu/jetracer_ws/install/jetson_bringup/share/jetson_bringup/package.sh'
[12.014s] INFO:colcon.colcon_core.shell:Creating package script '/home/ubuntu/jetracer_ws/install/jetson_bringup/share/jetson_bringup/package.bash'
[12.018s] INFO:colcon.colcon_core.shell:Creating package script '/home/ubuntu/jetracer_ws/install/jetson_bringup/share/jetson_bringup/package.zsh'
[12.021s] Level 1:colcon.colcon_core.environment:create_file_with_runtime_dependencies(/home/ubuntu/jetracer_ws/install/jetson_bringup/share/colcon-core/packages/jetson_bringup)
[12.250s] Level 1:colcon.colcon_core.environment:create_environment_scripts_only(jetson_bringup)
[12.339s] Level 1:colcon.colcon_core.environment:checking '/home/ubuntu/jetracer_ws/install/jetson_bringup' for CMake module files
[12.342s] Level 1:colcon.colcon_core.environment:checking '/home/ubuntu/jetracer_ws/install/jetson_bringup' for CMake config files
[12.345s] Level 1:colcon.colcon_core.shell:create_environment_hook('jetson_bringup', 'cmake_prefix_path')
[12.419s] INFO:colcon.colcon_core.shell:Creating environment hook '/home/ubuntu/jetracer_ws/install/jetson_bringup/share/jetson_bringup/hook/cmake_prefix_path.ps1'
[12.421s] INFO:colcon.colcon_core.shell:Creating environment descriptor '/home/ubuntu/jetracer_ws/install/jetson_bringup/share/jetson_bringup/hook/cmake_prefix_path.dsv'
[12.423s] INFO:colcon.colcon_core.shell:Creating environment hook '/home/ubuntu/jetracer_ws/install/jetson_bringup/share/jetson_bringup/hook/cmake_prefix_path.sh'
[12.426s] Level 1:colcon.colcon_core.environment:checking '/home/ubuntu/jetracer_ws/install/jetson_bringup/bin'
[12.427s] Level 1:colcon.colcon_core.environment:checking '/home/ubuntu/jetracer_ws/install/jetson_bringup/lib/pkgconfig/jetson_bringup.pc'
[12.428s] Level 1:colcon.colcon_core.environment:checking '/home/ubuntu/jetracer_ws/install/jetson_bringup/lib/python3.10/site-packages'
[12.429s] Level 1:colcon.colcon_core.environment:checking '/home/ubuntu/jetracer_ws/install/jetson_bringup/bin'
[12.501s] INFO:colcon.colcon_core.shell:Creating package script '/home/ubuntu/jetracer_ws/install/jetson_bringup/share/jetson_bringup/package.ps1'
[12.505s] INFO:colcon.colcon_core.shell:Creating package descriptor '/home/ubuntu/jetracer_ws/install/jetson_bringup/share/jetson_bringup/package.dsv'
[12.507s] INFO:colcon.colcon_core.shell:Creating package script '/home/ubuntu/jetracer_ws/install/jetson_bringup/share/jetson_bringup/package.sh'
[12.509s] INFO:colcon.colcon_core.shell:Creating package script '/home/ubuntu/jetracer_ws/install/jetson_bringup/share/jetson_bringup/package.bash'
[12.512s] INFO:colcon.colcon_core.shell:Creating package script '/home/ubuntu/jetracer_ws/install/jetson_bringup/share/jetson_bringup/package.zsh'
[12.514s] Level 1:colcon.colcon_core.environment:create_file_with_runtime_dependencies(/home/ubuntu/jetracer_ws/install/jetson_bringup/share/colcon-core/packages/jetson_bringup)
[12.516s] DEBUG:colcon.colcon_parallel_executor.executor.parallel:closing loop
[12.517s] DEBUG:colcon.colcon_parallel_executor.executor.parallel:loop closed
[12.518s] DEBUG:colcon.colcon_parallel_executor.executor.parallel:run_until_complete finished with '0'
[12.518s] DEBUG:colcon.colcon_core.event_reactor:joining thread
[12.646s] INFO:colcon.colcon_core.plugin_system:Skipping extension 'colcon_notification.desktop_notification.notify_send': Could not find 'notify-send'
[12.647s] INFO:colcon.colcon_core.plugin_system:Skipping extension 'colcon_notification.desktop_notification.terminal_notifier': Not used on non-Darwin systems
[12.648s] INFO:colcon.colcon_core.plugin_system:Skipping extension 'colcon_notification.desktop_notification.win32': Not used on non-Windows systems
[12.648s] INFO:colcon.colcon_notification.desktop_notification:Sending desktop notification using 'notify2'
[12.653s] DEBUG:colcon.colcon_notification.desktop_notification.notify2:Failed to initialize notify2: org.freedesktop.DBus.Error.ServiceUnknown: The name org.freedesktop.Notifications was not provided by any .service files
[12.654s] DEBUG:colcon.colcon_core.event_reactor:joined thread
[12.729s] INFO:colcon.colcon_core.shell:Creating prefix script '/home/ubuntu/jetracer_ws/install/local_setup.ps1'
[12.733s] INFO:colcon.colcon_core.shell:Creating prefix util module '/home/ubuntu/jetracer_ws/install/_local_setup_util_ps1.py'
[12.739s] INFO:colcon.colcon_core.shell:Creating prefix chain script '/home/ubuntu/jetracer_ws/install/setup.ps1'
[12.818s] INFO:colcon.colcon_core.shell:Creating prefix script '/home/ubuntu/jetracer_ws/install/local_setup.sh'
[12.821s] INFO:colcon.colcon_core.shell:Creating prefix util module '/home/ubuntu/jetracer_ws/install/_local_setup_util_sh.py'
[12.823s] INFO:colcon.colcon_core.shell:Creating prefix chain script '/home/ubuntu/jetracer_ws/install/setup.sh'
[12.904s] INFO:colcon.colcon_core.shell:Creating prefix script '/home/ubuntu/jetracer_ws/install/local_setup.bash'
[12.906s] INFO:colcon.colcon_core.shell:Creating prefix chain script '/home/ubuntu/jetracer_ws/install/setup.bash'
[12.987s] INFO:colcon.colcon_core.shell:Creating prefix script '/home/ubuntu/jetracer_ws/install/local_setup.zsh'
[12.989s] INFO:colcon.colcon_core.shell:Creating prefix chain script '/home/ubuntu/jetracer_ws/install/setup.zsh'
