[3.584s] DEBUG:colcon:Command line arguments: ['/usr/bin/colcon', 'build', '--symlink-install']
[3.584s] DEBUG:colcon:Parsed command line arguments: Namespace(log_base=None, log_level=None, verb_name='build', build_base='build', install_base='install', merge_install=False, symlink_install=True, test_result_base=None, continue_on_error=False, executor='parallel', parallel_workers=4, event_handlers=None, ignore_user_meta=False, metas=['./colcon.meta'], base_paths=['.'], packages_ignore=None, packages_ignore_regex=None, paths=None, packages_up_to=None, packages_up_to_regex=None, packages_above=None, packages_above_and_dependencies=None, packages_above_depth=None, packages_select_by_dep=None, packages_skip_by_dep=None, packages_skip_up_to=None, packages_select_build_failed=False, packages_skip_build_finished=False, packages_select_test_failures=False, packages_skip_test_passed=False, packages_select=None, packages_skip=None, packages_select_regex=None, packages_skip_regex=None, packages_start=None, packages_end=None, allow_overriding=[], cmake_args=None, cmake_target=None, cmake_target_skip_unavailable=False, cmake_clean_cache=False, cmake_clean_first=False, cmake_force_configure=False, ament_cmake_args=None, catkin_cmake_args=None, catkin_skip_building_tests=False, verb_parser=<colcon_defaults.argument_parser.defaults.DefaultArgumentsDecorator object at 0xffff7e37f9a0>, verb_extension=<colcon_core.verb.build.BuildVerb object at 0xffff7e6afdf0>, main=<bound method BuildVerb.main of <colcon_core.verb.build.BuildVerb object at 0xffff7e6afdf0>>)
[3.763s] Level 1:colcon.colcon_core.package_discovery:discover_packages(colcon_meta) check parameters
[3.763s] Level 1:colcon.colcon_core.package_discovery:discover_packages(recursive) check parameters
[3.764s] Level 1:colcon.colcon_core.package_discovery:discover_packages(ignore) check parameters
[3.764s] Level 1:colcon.colcon_core.package_discovery:discover_packages(path) check parameters
[3.764s] Level 1:colcon.colcon_core.package_discovery:discover_packages(colcon_meta) discover
[3.764s] Level 1:colcon.colcon_core.package_discovery:discover_packages(recursive) discover
[3.764s] INFO:colcon.colcon_core.package_discovery:Crawling recursively for packages in '/home/ubuntu/jetracer_ws'
[3.765s] Level 1:colcon.colcon_core.package_identification:_identify(.) by extensions ['ignore', 'ignore_ament_install']
[3.765s] Level 1:colcon.colcon_core.package_identification:_identify(.) by extension 'ignore'
[3.765s] Level 1:colcon.colcon_core.package_identification:_identify(.) by extension 'ignore_ament_install'
[3.765s] Level 1:colcon.colcon_core.package_identification:_identify(.) by extensions ['colcon_pkg']
[3.765s] Level 1:colcon.colcon_core.package_identification:_identify(.) by extension 'colcon_pkg'
[3.766s] Level 1:colcon.colcon_core.package_identification:_identify(.) by extensions ['colcon_meta']
[3.766s] Level 1:colcon.colcon_core.package_identification:_identify(.) by extension 'colcon_meta'
[3.766s] Level 1:colcon.colcon_core.package_identification:_identify(.) by extensions ['ros']
[3.766s] Level 1:colcon.colcon_core.package_identification:_identify(.) by extension 'ros'
[3.812s] Level 1:colcon.colcon_core.package_identification:_identify(.) by extensions ['cmake', 'python']
[3.812s] Level 1:colcon.colcon_core.package_identification:_identify(.) by extension 'cmake'
[3.812s] Level 1:colcon.colcon_core.package_identification:_identify(.) by extension 'python'
[3.812s] Level 1:colcon.colcon_core.package_identification:_identify(.) by extensions ['python_setup_py']
[3.813s] Level 1:colcon.colcon_core.package_identification:_identify(.) by extension 'python_setup_py'
[3.813s] Level 1:colcon.colcon_core.package_identification:_identify(build) by extensions ['ignore', 'ignore_ament_install']
[3.813s] Level 1:colcon.colcon_core.package_identification:_identify(build) by extension 'ignore'
[3.814s] Level 1:colcon.colcon_core.package_identification:_identify(build) ignored
[3.814s] Level 1:colcon.colcon_core.package_identification:_identify(install) by extensions ['ignore', 'ignore_ament_install']
[3.815s] Level 1:colcon.colcon_core.package_identification:_identify(install) by extension 'ignore'
[3.815s] Level 1:colcon.colcon_core.package_identification:_identify(install) ignored
[3.815s] Level 1:colcon.colcon_core.package_identification:_identify(log) by extensions ['ignore', 'ignore_ament_install']
[3.816s] Level 1:colcon.colcon_core.package_identification:_identify(log) by extension 'ignore'
[3.816s] Level 1:colcon.colcon_core.package_identification:_identify(log) ignored
[3.816s] Level 1:colcon.colcon_core.package_identification:_identify(src) by extensions ['ignore', 'ignore_ament_install']
[3.816s] Level 1:colcon.colcon_core.package_identification:_identify(src) by extension 'ignore'
[3.816s] Level 1:colcon.colcon_core.package_identification:_identify(src) by extension 'ignore_ament_install'
[3.817s] Level 1:colcon.colcon_core.package_identification:_identify(src) by extensions ['colcon_pkg']
[3.817s] Level 1:colcon.colcon_core.package_identification:_identify(src) by extension 'colcon_pkg'
[3.817s] Level 1:colcon.colcon_core.package_identification:_identify(src) by extensions ['colcon_meta']
[3.817s] Level 1:colcon.colcon_core.package_identification:_identify(src) by extension 'colcon_meta'
[3.817s] Level 1:colcon.colcon_core.package_identification:_identify(src) by extensions ['ros']
[3.817s] Level 1:colcon.colcon_core.package_identification:_identify(src) by extension 'ros'
[3.818s] Level 1:colcon.colcon_core.package_identification:_identify(src) by extensions ['cmake', 'python']
[3.818s] Level 1:colcon.colcon_core.package_identification:_identify(src) by extension 'cmake'
[3.818s] Level 1:colcon.colcon_core.package_identification:_identify(src) by extension 'python'
[3.818s] Level 1:colcon.colcon_core.package_identification:_identify(src) by extensions ['python_setup_py']
[3.818s] Level 1:colcon.colcon_core.package_identification:_identify(src) by extension 'python_setup_py'
[3.819s] Level 1:colcon.colcon_core.package_identification:_identify(src/jetson_controller) by extensions ['ignore', 'ignore_ament_install']
[3.819s] Level 1:colcon.colcon_core.package_identification:_identify(src/jetson_controller) by extension 'ignore'
[3.819s] Level 1:colcon.colcon_core.package_identification:_identify(src/jetson_controller) by extension 'ignore_ament_install'
[3.819s] Level 1:colcon.colcon_core.package_identification:_identify(src/jetson_controller) by extensions ['colcon_pkg']
[3.819s] Level 1:colcon.colcon_core.package_identification:_identify(src/jetson_controller) by extension 'colcon_pkg'
[3.820s] Level 1:colcon.colcon_core.package_identification:_identify(src/jetson_controller) by extensions ['colcon_meta']
[3.820s] Level 1:colcon.colcon_core.package_identification:_identify(src/jetson_controller) by extension 'colcon_meta'
[3.820s] Level 1:colcon.colcon_core.package_identification:_identify(src/jetson_controller) by extensions ['ros']
[3.820s] Level 1:colcon.colcon_core.package_identification:_identify(src/jetson_controller) by extension 'ros'
[3.824s] DEBUG:colcon.colcon_core.package_identification:Failed to parse potential ROS package manifest in'src/jetson_controller': Error(s) in package 'src/jetson_controller/package.xml':
The manifest contains invalid XML:
mismatched tag: line 11, column 24
[3.824s] Level 1:colcon.colcon_core.package_identification:_identify(src/jetson_controller) by extensions ['cmake', 'python']
[3.825s] Level 1:colcon.colcon_core.package_identification:_identify(src/jetson_controller) by extension 'cmake'
[3.825s] Level 1:colcon.colcon_core.package_identification:_identify(src/jetson_controller) by extension 'python'
[3.825s] DEBUG:colcon.colcon_core.package_identification:Python package in 'src/jetson_controller' passes arguments to the setup() function which requires a different identification extension than 'python'
[3.825s] Level 1:colcon.colcon_core.package_identification:_identify(src/jetson_controller) by extensions ['python_setup_py']
[3.826s] Level 1:colcon.colcon_core.package_identification:_identify(src/jetson_controller) by extension 'python_setup_py'
[4.887s] DEBUG:colcon.colcon_core.package_identification:Package 'src/jetson_controller' with type 'python' and name 'jetson_controller'
[4.888s] Level 1:colcon.colcon_core.package_identification:_identify(src/sensor_data) by extensions ['ignore', 'ignore_ament_install']
[4.888s] Level 1:colcon.colcon_core.package_identification:_identify(src/sensor_data) by extension 'ignore'
[4.889s] Level 1:colcon.colcon_core.package_identification:_identify(src/sensor_data) by extension 'ignore_ament_install'
[4.889s] Level 1:colcon.colcon_core.package_identification:_identify(src/sensor_data) by extensions ['colcon_pkg']
[4.889s] Level 1:colcon.colcon_core.package_identification:_identify(src/sensor_data) by extension 'colcon_pkg'
[4.889s] Level 1:colcon.colcon_core.package_identification:_identify(src/sensor_data) by extensions ['colcon_meta']
[4.889s] Level 1:colcon.colcon_core.package_identification:_identify(src/sensor_data) by extension 'colcon_meta'
[4.889s] Level 1:colcon.colcon_core.package_identification:_identify(src/sensor_data) by extensions ['ros']
[4.889s] Level 1:colcon.colcon_core.package_identification:_identify(src/sensor_data) by extension 'ros'
[4.896s] DEBUG:colcon.colcon_core.package_identification:Package 'src/sensor_data' with type 'ros.ament_python' and name 'sensor_data'
[4.896s] Level 1:colcon.colcon_core.package_discovery:discover_packages(recursive) using defaults
[4.897s] Level 1:colcon.colcon_core.package_discovery:discover_packages(ignore) discover
[4.897s] Level 1:colcon.colcon_core.package_discovery:discover_packages(ignore) using defaults
[4.897s] Level 1:colcon.colcon_core.package_discovery:discover_packages(path) discover
[4.897s] Level 1:colcon.colcon_core.package_discovery:discover_packages(path) using defaults
[5.221s] Level 1:colcon.colcon_core.package_discovery:discover_packages(prefix_path) check parameters
[5.221s] Level 1:colcon.colcon_core.package_discovery:discover_packages(prefix_path) discover
[5.327s] DEBUG:colcon.colcon_installed_package_information.package_discovery:Found 2 installed packages in /home/ubuntu/jetracer_ws/install
[5.380s] DEBUG:colcon.colcon_installed_package_information.package_discovery:Found 7 installed packages in /home/ubuntu/turtlebot3_ws/install
[5.441s] DEBUG:colcon.colcon_installed_package_information.package_discovery:Found 184 installed packages in /opt/ros/humble
[5.445s] Level 1:colcon.colcon_core.package_discovery:discover_packages(prefix_path) using defaults
[5.721s] Level 5:colcon.colcon_core.verb:set package 'jetson_controller' build argument 'cmake_args' from command line to 'None'
[5.722s] Level 5:colcon.colcon_core.verb:set package 'jetson_controller' build argument 'cmake_target' from command line to 'None'
[5.722s] Level 5:colcon.colcon_core.verb:set package 'jetson_controller' build argument 'cmake_target_skip_unavailable' from command line to 'False'
[5.722s] Level 5:colcon.colcon_core.verb:set package 'jetson_controller' build argument 'cmake_clean_cache' from command line to 'False'
[5.722s] Level 5:colcon.colcon_core.verb:set package 'jetson_controller' build argument 'cmake_clean_first' from command line to 'False'
[5.722s] Level 5:colcon.colcon_core.verb:set package 'jetson_controller' build argument 'cmake_force_configure' from command line to 'False'
[5.722s] Level 5:colcon.colcon_core.verb:set package 'jetson_controller' build argument 'ament_cmake_args' from command line to 'None'
[5.722s] Level 5:colcon.colcon_core.verb:set package 'jetson_controller' build argument 'catkin_cmake_args' from command line to 'None'
[5.723s] Level 5:colcon.colcon_core.verb:set package 'jetson_controller' build argument 'catkin_skip_building_tests' from command line to 'False'
[5.723s] DEBUG:colcon.colcon_core.verb:Building package 'jetson_controller' with the following arguments: {'ament_cmake_args': None, 'build_base': '/home/ubuntu/jetracer_ws/build/jetson_controller', 'catkin_cmake_args': None, 'catkin_skip_building_tests': False, 'cmake_args': None, 'cmake_clean_cache': False, 'cmake_clean_first': False, 'cmake_force_configure': False, 'cmake_target': None, 'cmake_target_skip_unavailable': False, 'install_base': '/home/ubuntu/jetracer_ws/install/jetson_controller', 'merge_install': False, 'path': '/home/ubuntu/jetracer_ws/src/jetson_controller', 'symlink_install': True, 'test_result_base': None}
[5.773s] Level 5:colcon.colcon_core.verb:set package 'sensor_data' build argument 'cmake_args' from command line to 'None'
[5.773s] Level 5:colcon.colcon_core.verb:set package 'sensor_data' build argument 'cmake_target' from command line to 'None'
[5.774s] Level 5:colcon.colcon_core.verb:set package 'sensor_data' build argument 'cmake_target_skip_unavailable' from command line to 'False'
[5.774s] Level 5:colcon.colcon_core.verb:set package 'sensor_data' build argument 'cmake_clean_cache' from command line to 'False'
[5.774s] Level 5:colcon.colcon_core.verb:set package 'sensor_data' build argument 'cmake_clean_first' from command line to 'False'
[5.774s] Level 5:colcon.colcon_core.verb:set package 'sensor_data' build argument 'cmake_force_configure' from command line to 'False'
[5.774s] Level 5:colcon.colcon_core.verb:set package 'sensor_data' build argument 'ament_cmake_args' from command line to 'None'
[5.774s] Level 5:colcon.colcon_core.verb:set package 'sensor_data' build argument 'catkin_cmake_args' from command line to 'None'
[5.774s] Level 5:colcon.colcon_core.verb:set package 'sensor_data' build argument 'catkin_skip_building_tests' from command line to 'False'
[5.774s] DEBUG:colcon.colcon_core.verb:Building package 'sensor_data' with the following arguments: {'ament_cmake_args': None, 'build_base': '/home/ubuntu/jetracer_ws/build/sensor_data', 'catkin_cmake_args': None, 'catkin_skip_building_tests': False, 'cmake_args': None, 'cmake_clean_cache': False, 'cmake_clean_first': False, 'cmake_force_configure': False, 'cmake_target': None, 'cmake_target_skip_unavailable': False, 'install_base': '/home/ubuntu/jetracer_ws/install/sensor_data', 'merge_install': False, 'path': '/home/ubuntu/jetracer_ws/src/sensor_data', 'symlink_install': True, 'test_result_base': None}
[5.821s] INFO:colcon.colcon_core.executor:Executing jobs using 'parallel' executor
[5.874s] DEBUG:colcon.colcon_parallel_executor.executor.parallel:run_until_complete
[5.875s] INFO:colcon.colcon_core.task.python.build:Building Python package in '/home/ubuntu/jetracer_ws/src/jetson_controller'
[5.932s] INFO:colcon.colcon_core.plugin_system:Skipping extension 'colcon_core.shell.bat': Not used on non-Windows systems
[5.933s] INFO:colcon.colcon_core.shell:Skip shell extension 'powershell' for command environment: Not usable outside of PowerShell
[5.933s] DEBUG:colcon.colcon_core.shell:Skip shell extension 'dsv' for command environment
[6.154s] INFO:colcon.colcon_ros.task.ament_python.build:Building ROS package in '/home/ubuntu/jetracer_ws/src/sensor_data' with build type 'ament_python'
[6.156s] Level 1:colcon.colcon_core.shell:create_environment_hook('sensor_data', 'ament_prefix_path')
[6.213s] INFO:colcon.colcon_core.shell:Creating environment hook '/home/ubuntu/jetracer_ws/install/sensor_data/share/sensor_data/hook/ament_prefix_path.ps1'
[6.215s] INFO:colcon.colcon_core.shell:Creating environment descriptor '/home/ubuntu/jetracer_ws/install/sensor_data/share/sensor_data/hook/ament_prefix_path.dsv'
[6.217s] INFO:colcon.colcon_core.shell:Creating environment hook '/home/ubuntu/jetracer_ws/install/sensor_data/share/sensor_data/hook/ament_prefix_path.sh'
[6.271s] INFO:colcon.colcon_core.shell:Skip shell extension 'powershell' for command environment: Not usable outside of PowerShell
[6.271s] DEBUG:colcon.colcon_core.shell:Skip shell extension 'dsv' for command environment
[8.838s] INFO:colcon.colcon_core.task.python.build:Building Python package in '/home/ubuntu/jetracer_ws/src/sensor_data'
[8.905s] INFO:colcon.colcon_core.shell:Skip shell extension 'powershell' for command environment: Not usable outside of PowerShell
[8.906s] DEBUG:colcon.colcon_core.shell:Skip shell extension 'dsv' for command environment
[9.293s] DEBUG:colcon.colcon_core.event_handler.log_command:Invoking command in '/home/ubuntu/jetracer_ws/build/jetson_controller': PYTHONPATH=/home/ubuntu/jetracer_ws/build/jetson_controller/prefix_override:/home/ubuntu/jetracer_ws/install/jetson_controller/lib/python3.10/site-packages:${PYTHONPATH} /usr/bin/python3 setup.py develop --editable --build-directory /home/ubuntu/jetracer_ws/build/jetson_controller/build --no-deps install_data
[10.983s] DEBUG:colcon.colcon_core.task.python.build:While undoing a previous installation files outside the Python library path are being ignored: /home/ubuntu/jetracer_ws/install/sensor_data/share/ament_index/resource_index/packages/sensor_data
[10.983s] DEBUG:colcon.colcon_core.task.python.build:While undoing a previous installation files outside the Python library path are being ignored: /home/ubuntu/jetracer_ws/install/sensor_data/share/sensor_data/package.xml
[10.985s] DEBUG:colcon.colcon_core.task.python.build:While undoing a previous installation files outside the Python library path are being ignored: /home/ubuntu/jetracer_ws/install/sensor_data/lib/sensor_data/infrared_data
[10.991s] DEBUG:colcon.colcon_core.event_handler.log_command:Invoking command in '/home/ubuntu/jetracer_ws/build/sensor_data': PYTHONPATH=/home/ubuntu/jetracer_ws/build/sensor_data/prefix_override:/home/ubuntu/jetracer_ws/install/sensor_data/lib/python3.10/site-packages:${PYTHONPATH} /usr/bin/python3 setup.py develop --editable --build-directory /home/ubuntu/jetracer_ws/build/sensor_data/build --no-deps install_data
[11.708s] Level 1:colcon.colcon_core.shell:create_environment_hook('jetson_controller', 'pythonpath_develop')
[11.715s] DEBUG:colcon.colcon_core.event_handler.log_command:Invoked command in '/home/ubuntu/jetracer_ws/build/jetson_controller' returned '0': PYTHONPATH=/home/ubuntu/jetracer_ws/build/jetson_controller/prefix_override:/home/ubuntu/jetracer_ws/install/jetson_controller/lib/python3.10/site-packages:${PYTHONPATH} /usr/bin/python3 setup.py develop --editable --build-directory /home/ubuntu/jetracer_ws/build/jetson_controller/build --no-deps install_data
[11.784s] INFO:colcon.colcon_core.shell:Creating environment hook '/home/ubuntu/jetracer_ws/build/jetson_controller/share/jetson_controller/hook/pythonpath_develop.ps1'
[11.788s] INFO:colcon.colcon_core.shell:Creating environment descriptor '/home/ubuntu/jetracer_ws/build/jetson_controller/share/jetson_controller/hook/pythonpath_develop.dsv'
[11.791s] INFO:colcon.colcon_core.shell:Creating environment hook '/home/ubuntu/jetracer_ws/build/jetson_controller/share/jetson_controller/hook/pythonpath_develop.sh'
[11.868s] Level 1:colcon.colcon_core.environment:checking '/home/ubuntu/jetracer_ws/install/jetson_controller' for CMake module files
[11.870s] Level 1:colcon.colcon_core.environment:checking '/home/ubuntu/jetracer_ws/install/jetson_controller' for CMake config files
[11.874s] Level 1:colcon.colcon_core.environment:checking '/home/ubuntu/jetracer_ws/install/jetson_controller/lib'
[11.874s] Level 1:colcon.colcon_core.environment:checking '/home/ubuntu/jetracer_ws/install/jetson_controller/bin'
[11.875s] Level 1:colcon.colcon_core.environment:checking '/home/ubuntu/jetracer_ws/install/jetson_controller/lib/pkgconfig/jetson_controller.pc'
[11.876s] Level 1:colcon.colcon_core.environment:checking '/home/ubuntu/jetracer_ws/install/jetson_controller/lib/python3.10/site-packages'
[11.876s] Level 1:colcon.colcon_core.shell:create_environment_hook('jetson_controller', 'pythonpath')
[11.954s] INFO:colcon.colcon_core.shell:Creating environment hook '/home/ubuntu/jetracer_ws/install/jetson_controller/share/jetson_controller/hook/pythonpath.ps1'
[11.957s] INFO:colcon.colcon_core.shell:Creating environment descriptor '/home/ubuntu/jetracer_ws/install/jetson_controller/share/jetson_controller/hook/pythonpath.dsv'
[11.960s] INFO:colcon.colcon_core.shell:Creating environment hook '/home/ubuntu/jetracer_ws/install/jetson_controller/share/jetson_controller/hook/pythonpath.sh'
[11.963s] Level 1:colcon.colcon_core.environment:checking '/home/ubuntu/jetracer_ws/install/jetson_controller/bin'
[11.964s] Level 1:colcon.colcon_core.environment:create_environment_scripts_only(jetson_controller)
[12.040s] INFO:colcon.colcon_core.shell:Creating package script '/home/ubuntu/jetracer_ws/install/jetson_controller/share/jetson_controller/package.ps1'
[12.045s] INFO:colcon.colcon_core.shell:Creating package descriptor '/home/ubuntu/jetracer_ws/install/jetson_controller/share/jetson_controller/package.dsv'
[12.048s] INFO:colcon.colcon_core.shell:Creating package script '/home/ubuntu/jetracer_ws/install/jetson_controller/share/jetson_controller/package.sh'
[12.052s] INFO:colcon.colcon_core.shell:Creating package script '/home/ubuntu/jetracer_ws/install/jetson_controller/share/jetson_controller/package.bash'
[12.056s] INFO:colcon.colcon_core.shell:Creating package script '/home/ubuntu/jetracer_ws/install/jetson_controller/share/jetson_controller/package.zsh'
[12.060s] Level 1:colcon.colcon_core.environment:create_file_with_runtime_dependencies(/home/ubuntu/jetracer_ws/install/jetson_controller/share/colcon-core/packages/jetson_controller)
[13.036s] Level 1:colcon.colcon_core.shell:create_environment_hook('sensor_data', 'pythonpath_develop')
[13.038s] DEBUG:colcon.colcon_core.event_handler.log_command:Invoked command in '/home/ubuntu/jetracer_ws/build/sensor_data' returned '0': PYTHONPATH=/home/ubuntu/jetracer_ws/build/sensor_data/prefix_override:/home/ubuntu/jetracer_ws/install/sensor_data/lib/python3.10/site-packages:${PYTHONPATH} /usr/bin/python3 setup.py develop --editable --build-directory /home/ubuntu/jetracer_ws/build/sensor_data/build --no-deps install_data
[13.097s] INFO:colcon.colcon_core.shell:Creating environment hook '/home/ubuntu/jetracer_ws/build/sensor_data/share/sensor_data/hook/pythonpath_develop.ps1'
[13.099s] INFO:colcon.colcon_core.shell:Creating environment descriptor '/home/ubuntu/jetracer_ws/build/sensor_data/share/sensor_data/hook/pythonpath_develop.dsv'
[13.100s] INFO:colcon.colcon_core.shell:Creating environment hook '/home/ubuntu/jetracer_ws/build/sensor_data/share/sensor_data/hook/pythonpath_develop.sh'
[13.149s] Level 1:colcon.colcon_core.environment:checking '/home/ubuntu/jetracer_ws/install/sensor_data' for CMake module files
[13.152s] Level 1:colcon.colcon_core.environment:checking '/home/ubuntu/jetracer_ws/install/sensor_data' for CMake config files
[13.155s] Level 1:colcon.colcon_core.environment:checking '/home/ubuntu/jetracer_ws/install/sensor_data/lib'
[13.156s] Level 1:colcon.colcon_core.environment:checking '/home/ubuntu/jetracer_ws/install/sensor_data/bin'
[13.156s] Level 1:colcon.colcon_core.environment:checking '/home/ubuntu/jetracer_ws/install/sensor_data/lib/pkgconfig/sensor_data.pc'
[13.157s] Level 1:colcon.colcon_core.environment:checking '/home/ubuntu/jetracer_ws/install/sensor_data/lib/python3.10/site-packages'
[13.157s] Level 1:colcon.colcon_core.shell:create_environment_hook('sensor_data', 'pythonpath')
[13.206s] INFO:colcon.colcon_core.shell:Creating environment hook '/home/ubuntu/jetracer_ws/install/sensor_data/share/sensor_data/hook/pythonpath.ps1'
[13.208s] INFO:colcon.colcon_core.shell:Creating environment descriptor '/home/ubuntu/jetracer_ws/install/sensor_data/share/sensor_data/hook/pythonpath.dsv'
[13.210s] INFO:colcon.colcon_core.shell:Creating environment hook '/home/ubuntu/jetracer_ws/install/sensor_data/share/sensor_data/hook/pythonpath.sh'
[13.212s] Level 1:colcon.colcon_core.environment:checking '/home/ubuntu/jetracer_ws/install/sensor_data/bin'
[13.213s] Level 1:colcon.colcon_core.environment:create_environment_scripts_only(sensor_data)
[13.264s] INFO:colcon.colcon_core.shell:Creating package script '/home/ubuntu/jetracer_ws/install/sensor_data/share/sensor_data/package.ps1'
[13.266s] INFO:colcon.colcon_core.shell:Creating package descriptor '/home/ubuntu/jetracer_ws/install/sensor_data/share/sensor_data/package.dsv'
[13.268s] INFO:colcon.colcon_core.shell:Creating package script '/home/ubuntu/jetracer_ws/install/sensor_data/share/sensor_data/package.sh'
[13.270s] INFO:colcon.colcon_core.shell:Creating package script '/home/ubuntu/jetracer_ws/install/sensor_data/share/sensor_data/package.bash'
[13.272s] INFO:colcon.colcon_core.shell:Creating package script '/home/ubuntu/jetracer_ws/install/sensor_data/share/sensor_data/package.zsh'
[13.273s] Level 1:colcon.colcon_core.environment:create_file_with_runtime_dependencies(/home/ubuntu/jetracer_ws/install/sensor_data/share/colcon-core/packages/sensor_data)
[13.275s] DEBUG:colcon.colcon_parallel_executor.executor.parallel:closing loop
[13.276s] DEBUG:colcon.colcon_parallel_executor.executor.parallel:loop closed
[13.276s] DEBUG:colcon.colcon_parallel_executor.executor.parallel:run_until_complete finished with '0'
[13.277s] DEBUG:colcon.colcon_core.event_reactor:joining thread
[13.349s] INFO:colcon.colcon_core.plugin_system:Skipping extension 'colcon_notification.desktop_notification.notify_send': Could not find 'notify-send'
[13.349s] INFO:colcon.colcon_core.plugin_system:Skipping extension 'colcon_notification.desktop_notification.terminal_notifier': Not used on non-Darwin systems
[13.350s] INFO:colcon.colcon_core.plugin_system:Skipping extension 'colcon_notification.desktop_notification.win32': Not used on non-Windows systems
[13.350s] INFO:colcon.colcon_notification.desktop_notification:Sending desktop notification using 'notify2'
[13.356s] DEBUG:colcon.colcon_notification.desktop_notification.notify2:Failed to initialize notify2: org.freedesktop.DBus.Error.ServiceUnknown: The name org.freedesktop.Notifications was not provided by any .service files
[13.357s] DEBUG:colcon.colcon_core.event_reactor:joined thread
[13.409s] INFO:colcon.colcon_core.shell:Creating prefix script '/home/ubuntu/jetracer_ws/install/local_setup.ps1'
[13.412s] INFO:colcon.colcon_core.shell:Creating prefix util module '/home/ubuntu/jetracer_ws/install/_local_setup_util_ps1.py'
[13.417s] INFO:colcon.colcon_core.shell:Creating prefix chain script '/home/ubuntu/jetracer_ws/install/setup.ps1'
[13.473s] INFO:colcon.colcon_core.shell:Creating prefix script '/home/ubuntu/jetracer_ws/install/local_setup.sh'
[13.476s] INFO:colcon.colcon_core.shell:Creating prefix util module '/home/ubuntu/jetracer_ws/install/_local_setup_util_sh.py'
[13.478s] INFO:colcon.colcon_core.shell:Creating prefix chain script '/home/ubuntu/jetracer_ws/install/setup.sh'
[13.531s] INFO:colcon.colcon_core.shell:Creating prefix script '/home/ubuntu/jetracer_ws/install/local_setup.bash'
[13.533s] INFO:colcon.colcon_core.shell:Creating prefix chain script '/home/ubuntu/jetracer_ws/install/setup.bash'
[13.589s] INFO:colcon.colcon_core.shell:Creating prefix script '/home/ubuntu/jetracer_ws/install/local_setup.zsh'
[13.591s] INFO:colcon.colcon_core.shell:Creating prefix chain script '/home/ubuntu/jetracer_ws/install/setup.zsh'
