-- Found ament_cmake: 1.3.6 (/opt/ros/humble/share/ament_cmake/cmake)
-- Override CMake install command with custom implementation using symlinks instead of copying resources
-- Configuring done
-- Generating done
-- Build files have been written to: /home/ubuntu/jetracer_ws/build/jetson_bringup
-- Install configuration: ""
-- Execute custom install script
-- Symlinking: /home/ubuntu/jetracer_ws/install/jetson_bringup/share/jetson_bringup/launch/jetson.launch.py
-- Symlinking: /home/ubuntu/jetracer_ws/install/jetson_bringup/share/ament_index/resource_index/package_run_dependencies/jetson_bringup
-- Symlinking: /home/ubuntu/jetracer_ws/install/jetson_bringup/share/ament_index/resource_index/parent_prefix_path/jetson_bringup
-- Symlinking: /home/ubuntu/jetracer_ws/install/jetson_bringup/share/jetson_bringup/environment/ament_prefix_path.sh
-- Symlinking: /home/ubuntu/jetracer_ws/install/jetson_bringup/share/jetson_bringup/environment/ament_prefix_path.dsv
-- Symlinking: /home/ubuntu/jetracer_ws/install/jetson_bringup/share/jetson_bringup/environment/path.sh
-- Symlinking: /home/ubuntu/jetracer_ws/install/jetson_bringup/share/jetson_bringup/environment/path.dsv
-- Symlinking: /home/ubuntu/jetracer_ws/install/jetson_bringup/share/jetson_bringup/local_setup.bash
-- Symlinking: /home/ubuntu/jetracer_ws/install/jetson_bringup/share/jetson_bringup/local_setup.sh
-- Symlinking: /home/ubuntu/jetracer_ws/install/jetson_bringup/share/jetson_bringup/local_setup.zsh
-- Symlinking: /home/ubuntu/jetracer_ws/install/jetson_bringup/share/jetson_bringup/local_setup.dsv
-- Symlinking: /home/ubuntu/jetracer_ws/install/jetson_bringup/share/jetson_bringup/package.dsv
-- Symlinking: /home/ubuntu/jetracer_ws/install/jetson_bringup/share/ament_index/resource_index/packages/jetson_bringup
-- Symlinking: /home/ubuntu/jetracer_ws/install/jetson_bringup/share/jetson_bringup/cmake/jetson_bringupConfig.cmake
-- Symlinking: /home/ubuntu/jetracer_ws/install/jetson_bringup/share/jetson_bringup/cmake/jetson_bringupConfig-version.cmake
-- Symlinking: /home/ubuntu/jetracer_ws/install/jetson_bringup/share/jetson_bringup/package.xml
